[2022-07-18T15:16:22.045Z] Nível de log: Info
[2022-07-18T15:16:22.050Z] [info] Validando git localizado em: git
[2022-07-18T15:16:22.129Z] [info] Usando git 2.37.1 de git
[2022-07-18T15:16:22.246Z] > git rev-parse --show-toplevel [51ms]
[2022-07-18T15:16:22.375Z] > git rev-parse --git-dir --git-common-dir [91ms]
[2022-07-18T15:16:22.384Z] [info] Open repository: /home/rsptn/workspace/flex-box
[2022-07-18T15:16:22.493Z] > git status -z -uall [63ms]
[2022-07-18T15:16:22.511Z] > git rev-parse --show-toplevel [33ms]
[2022-07-18T15:16:22.558Z] > git symbolic-ref --short HEAD [47ms]
[2022-07-18T15:16:22.654Z] > git rev-parse --git-dir --git-common-dir [112ms]
[2022-07-18T15:16:22.663Z] [info] Open repository: /home/rsptn/workspace/instagram-dio
[2022-07-18T15:16:22.700Z] > git for-each-ref --format=%(refname)%00%(upstream:short)%00%(objectname)%00%(upstream:track)%00%(upstream:remotename)%00%(upstream:remoteref) refs/heads/master refs/remotes/master [88ms]
[2022-07-18T15:16:22.786Z] > git status -z -uall [93ms]
[2022-07-18T15:16:22.824Z] > git for-each-ref --sort -committerdate --format %(refname) %(objectname) %(*objectname) [79ms]
[2022-07-18T15:16:22.837Z] > git remote --verbose [55ms]
[2022-07-18T15:16:22.891Z] > git symbolic-ref --short HEAD [69ms]
[2022-07-18T15:16:22.925Z] > git config --get commit.template [35ms]
[2022-07-18T15:16:23.227Z] > git status -z -uall [263ms]
[2022-07-18T15:16:23.264Z] > git for-each-ref --format=%(refname)%00%(upstream:short)%00%(objectname)%00%(upstream:track)%00%(upstream:remotename)%00%(upstream:remoteref) refs/heads/master refs/remotes/master [341ms]
[2022-07-18T15:16:23.455Z] > git check-ignore -v -z --stdin [42ms]
[2022-07-18T15:16:23.457Z] > git check-ignore -v -z --stdin [19ms]
[2022-07-18T15:16:23.458Z] > git remote --verbose [97ms]
[2022-07-18T15:16:23.459Z] > git for-each-ref --sort -committerdate --format %(refname) %(objectname) %(*objectname) [136ms]
[2022-07-18T15:16:23.474Z] > git symbolic-ref --short HEAD [211ms]
[2022-07-18T15:16:23.548Z] > git for-each-ref --format=%(refname)%00%(upstream:short)%00%(objectname)%00%(upstream:track)%00%(upstream:remotename)%00%(upstream:remoteref) refs/heads/master refs/remotes/master [56ms]
[2022-07-18T15:16:23.595Z] > git remote --verbose [19ms]
[2022-07-18T15:16:23.595Z] > git for-each-ref --sort -committerdate --format %(refname) %(objectname) %(*objectname) [31ms]
[2022-07-18T15:16:23.599Z] > git config --get commit.template [82ms]
[2022-07-18T15:16:23.676Z] > git status -z -uall [61ms]
[2022-07-18T15:16:23.689Z] > git show --textconv :index.html [34ms]
[2022-07-18T15:16:23.693Z] > git config --get commit.template [66ms]
[2022-07-18T15:16:23.695Z] > git symbolic-ref --short HEAD [7ms]
[2022-07-18T15:16:23.708Z] > git ls-files --stage -- /home/rsptn/workspace/instagram-dio/index.html [35ms]
[2022-07-18T15:16:23.860Z] > git cat-file -s f106c7c5fabcbc26fae3290e802ea0fe3cc7161b [140ms]
[2022-07-18T15:16:23.861Z] > git for-each-ref --format=%(refname)%00%(upstream:short)%00%(objectname)%00%(upstream:track)%00%(upstream:remotename)%00%(upstream:remoteref) refs/heads/master refs/remotes/master [154ms]
[2022-07-18T15:16:23.912Z] > git remote --verbose [11ms]
[2022-07-18T15:16:23.919Z] > git for-each-ref --sort -committerdate --format %(refname) %(objectname) %(*objectname) [45ms]
[2022-07-18T15:16:23.972Z] > git config --get commit.template [6ms]
[2022-07-18T15:16:24.546Z] > git show --textconv :meu.html [22ms]
[2022-07-18T15:16:24.551Z] > git ls-files --stage -- /home/rsptn/workspace/instagram-dio/meu.html [7ms]
[2022-07-18T15:16:28.104Z] > git show --textconv :index.html [12ms]
[2022-07-18T15:16:28.106Z] > git ls-files --stage -- /home/rsptn/workspace/instagram-dio/index.html [3ms]
[2022-07-18T15:16:28.118Z] > git cat-file -s f106c7c5fabcbc26fae3290e802ea0fe3cc7161b [2ms]
[2022-07-18T15:16:31.262Z] > git show --textconv :meu.html [9ms]
[2022-07-18T15:16:31.264Z] > git ls-files --stage -- /home/rsptn/workspace/instagram-dio/meu.html [3ms]
[2022-07-18T15:16:33.195Z] > git show --textconv :style.css [19ms]
[2022-07-18T15:16:33.198Z] > git ls-files --stage -- /home/rsptn/workspace/instagram-dio/style.css [4ms]
[2022-07-18T15:16:33.212Z] > git cat-file -s 886f205611024790b97c8837802504b66be17819 [2ms]
[2022-07-18T15:16:35.213Z] > git show --textconv :meu.html [11ms]
[2022-07-18T15:16:35.216Z] > git ls-files --stage -- /home/rsptn/workspace/instagram-dio/meu.html [5ms]
[2022-07-18T15:17:40.203Z] > git show --textconv :index.html [8ms]
[2022-07-18T15:17:40.204Z] > git ls-files --stage -- /home/rsptn/workspace/instagram-dio/index.html [2ms]
[2022-07-18T15:17:40.214Z] > git cat-file -s f106c7c5fabcbc26fae3290e802ea0fe3cc7161b [2ms]
[2022-07-18T15:17:50.887Z] > git show --textconv :meu.html [9ms]
[2022-07-18T15:17:50.889Z] > git ls-files --stage -- /home/rsptn/workspace/instagram-dio/meu.html [3ms]
[2022-07-18T15:17:52.071Z] > git show --textconv :index.html [10ms]
[2022-07-18T15:17:52.074Z] > git ls-files --stage -- /home/rsptn/workspace/instagram-dio/index.html [5ms]
[2022-07-18T15:17:52.085Z] > git cat-file -s f106c7c5fabcbc26fae3290e802ea0fe3cc7161b [2ms]
[2022-07-18T15:18:00.099Z] > git show --textconv :meu.html [9ms]
[2022-07-18T15:18:00.101Z] > git ls-files --stage -- /home/rsptn/workspace/instagram-dio/meu.html [3ms]
[2022-07-18T15:18:20.610Z] > git show --textconv :index.html [10ms]
[2022-07-18T15:18:20.612Z] > git ls-files --stage -- /home/rsptn/workspace/instagram-dio/index.html [4ms]
[2022-07-18T15:18:20.623Z] > git cat-file -s f106c7c5fabcbc26fae3290e802ea0fe3cc7161b [1ms]
[2022-07-18T15:18:43.404Z] > git show --textconv :meu.html [9ms]
[2022-07-18T15:18:43.406Z] > git ls-files --stage -- /home/rsptn/workspace/instagram-dio/meu.html [2ms]
[2022-07-18T15:18:47.276Z] > git show --textconv :index.html [8ms]
[2022-07-18T15:18:47.277Z] > git ls-files --stage -- /home/rsptn/workspace/instagram-dio/index.html [2ms]
[2022-07-18T15:18:47.287Z] > git cat-file -s f106c7c5fabcbc26fae3290e802ea0fe3cc7161b [2ms]
[2022-07-18T15:18:56.889Z] > git show --textconv :meu.html [10ms]
[2022-07-18T15:18:56.891Z] > git ls-files --stage -- /home/rsptn/workspace/instagram-dio/meu.html [2ms]
[2022-07-18T15:19:07.129Z] > git show --textconv :index.html [10ms]
[2022-07-18T15:19:07.131Z] > git ls-files --stage -- /home/rsptn/workspace/instagram-dio/index.html [3ms]
[2022-07-18T15:19:07.139Z] > git cat-file -s f106c7c5fabcbc26fae3290e802ea0fe3cc7161b [1ms]
[2022-07-18T15:19:21.779Z] > git show --textconv :meu.html [10ms]
[2022-07-18T15:19:21.781Z] > git ls-files --stage -- /home/rsptn/workspace/instagram-dio/meu.html [3ms]
[2022-07-18T15:19:50.049Z] > git show --textconv :style.css [11ms]
[2022-07-18T15:19:50.050Z] > git ls-files --stage -- /home/rsptn/workspace/instagram-dio/style.css [2ms]
[2022-07-18T15:19:50.060Z] > git cat-file -s 886f205611024790b97c8837802504b66be17819 [3ms]
[2022-07-18T15:20:16.062Z] > git show --textconv :meu.html [8ms]
[2022-07-18T15:20:16.064Z] > git ls-files --stage -- /home/rsptn/workspace/instagram-dio/meu.html [3ms]
[2022-07-18T15:20:23.012Z] > git show --textconv :style.css [11ms]
[2022-07-18T15:20:23.013Z] > git ls-files --stage -- /home/rsptn/workspace/instagram-dio/style.css [2ms]
[2022-07-18T15:20:23.027Z] > git cat-file -s 886f205611024790b97c8837802504b66be17819 [3ms]
[2022-07-18T15:21:29.058Z] > git show --textconv :meu.html [9ms]
[2022-07-18T15:21:29.060Z] > git ls-files --stage -- /home/rsptn/workspace/instagram-dio/meu.html [4ms]
[2022-07-18T15:21:37.640Z] > git show --textconv :index.html [18ms]
[2022-07-18T15:21:37.645Z] > git ls-files --stage -- /home/rsptn/workspace/instagram-dio/index.html [6ms]
[2022-07-18T15:21:37.660Z] > git cat-file -s f106c7c5fabcbc26fae3290e802ea0fe3cc7161b [4ms]
[2022-07-18T15:21:59.787Z] > git show --textconv :meu.html [7ms]
[2022-07-18T15:21:59.789Z] > git ls-files --stage -- /home/rsptn/workspace/instagram-dio/meu.html [2ms]
[2022-07-18T15:22:23.561Z] > git show --textconv :style.css [13ms]
[2022-07-18T15:22:23.563Z] > git ls-files --stage -- /home/rsptn/workspace/instagram-dio/style.css [3ms]
[2022-07-18T15:22:23.578Z] > git cat-file -s 886f205611024790b97c8837802504b66be17819 [3ms]
[2022-07-18T15:34:03.378Z] > git show --textconv :meu.html [9ms]
[2022-07-18T15:34:03.384Z] > git ls-files --stage -- /home/rsptn/workspace/instagram-dio/meu.html [7ms]
[2022-07-18T15:34:10.741Z] > git show --textconv :style.css [9ms]
[2022-07-18T15:34:10.743Z] > git ls-files --stage -- /home/rsptn/workspace/instagram-dio/style.css [3ms]
[2022-07-18T15:34:10.756Z] > git cat-file -s 886f205611024790b97c8837802504b66be17819 [3ms]
[2022-07-18T15:41:03.338Z] > git show --textconv :meu.html [9ms]
[2022-07-18T15:41:03.341Z] > git ls-files --stage -- /home/rsptn/workspace/instagram-dio/meu.html [4ms]
[2022-07-18T15:41:16.659Z] > git ls-files --stage -- /home/rsptn/workspace/instagram-dio/style.css [2ms]
[2022-07-18T15:41:16.667Z] > git show --textconv :style.css [19ms]
[2022-07-18T15:41:16.668Z] > git cat-file -s 886f205611024790b97c8837802504b66be17819 [2ms]
[2022-07-18T15:57:06.608Z] > git status -z -uall [13ms]
[2022-07-18T15:57:06.621Z] > git symbolic-ref --short HEAD [3ms]
[2022-07-18T15:57:06.634Z] > git for-each-ref --format=%(refname)%00%(upstream:short)%00%(objectname)%00%(upstream:track)%00%(upstream:remotename)%00%(upstream:remoteref) refs/heads/master refs/remotes/master [2ms]
[2022-07-18T15:57:06.658Z] > git remote --verbose [5ms]
[2022-07-18T15:57:06.659Z] > git for-each-ref --sort -committerdate --format %(refname) %(objectname) %(*objectname) [14ms]
[2022-07-18T15:57:06.678Z] > git config --get commit.template [1ms]
[2022-07-18T15:57:08.536Z] > git show --textconv :meu.html [8ms]
[2022-07-18T15:57:08.537Z] > git ls-files --stage -- /home/rsptn/workspace/instagram-dio/meu.html [2ms]
[2022-07-18T15:57:11.693Z] > git status -z -uall [4ms]
[2022-07-18T15:57:11.702Z] > git symbolic-ref --short HEAD [2ms]
[2022-07-18T15:57:11.710Z] > git for-each-ref --format=%(refname)%00%(upstream:short)%00%(objectname)%00%(upstream:track)%00%(upstream:remotename)%00%(upstream:remoteref) refs/heads/master refs/remotes/master [2ms]
[2022-07-18T15:57:11.725Z] > git for-each-ref --sort -committerdate --format %(refname) %(objectname) %(*objectname) [8ms]
[2022-07-18T15:57:11.725Z] > git remote --verbose [3ms]
[2022-07-18T15:57:11.736Z] > git config --get commit.template [1ms]
