[2022-07-18T22:44:55.810Z] Nível de log: Info
[2022-07-18T22:44:55.813Z] [info] Validando git localizado em: git
[2022-07-18T22:44:55.855Z] [info] Usando git 2.37.1 de git
[2022-07-18T22:44:55.885Z] > git rev-parse --show-toplevel [10ms]
[2022-07-18T22:44:55.906Z] > git rev-parse --git-dir --git-common-dir [7ms]
[2022-07-18T22:44:55.915Z] [info] Open repository: /home/rsptn/workspace/flex-box
[2022-07-18T22:44:55.956Z] > git status -z -uall [21ms]
[2022-07-18T22:44:55.969Z] > git rev-parse --show-toplevel [19ms]
[2022-07-18T22:44:55.988Z] > git rev-parse --git-dir --git-common-dir [4ms]
[2022-07-18T22:44:55.996Z] [info] Open repository: /home/rsptn/workspace/instagram-dio
[2022-07-18T22:44:56.017Z] > git symbolic-ref --short HEAD [49ms]
[2022-07-18T22:44:56.088Z] > git status -z -uall [74ms]
[2022-07-18T22:44:56.104Z] > git symbolic-ref --short HEAD [9ms]
[2022-07-18T22:44:56.113Z] > git for-each-ref --format=%(refname)%00%(upstream:short)%00%(objectname)%00%(upstream:track)%00%(upstream:remotename)%00%(upstream:remoteref) refs/heads/master refs/remotes/master [74ms]
[2022-07-18T22:44:56.158Z] > git remote --verbose [21ms]
[2022-07-18T22:44:56.159Z] > git for-each-ref --sort -committerdate --format %(refname) %(objectname) %(*objectname) [35ms]
[2022-07-18T22:44:56.164Z] > git for-each-ref --format=%(refname)%00%(upstream:short)%00%(objectname)%00%(upstream:track)%00%(upstream:remotename)%00%(upstream:remoteref) refs/heads/master refs/remotes/master [51ms]
[2022-07-18T22:44:56.207Z] > git remote --verbose [17ms]
[2022-07-18T22:44:56.208Z] > git for-each-ref --sort -committerdate --format %(refname) %(objectname) %(*objectname) [30ms]
[2022-07-18T22:44:56.223Z] > git config --get commit.template [18ms]
[2022-07-18T22:44:56.241Z] > git config --get commit.template [18ms]
[2022-07-18T22:44:56.255Z] > git status -z -uall [15ms]
[2022-07-18T22:44:56.340Z] > git status -z -uall [87ms]
[2022-07-18T22:44:56.355Z] > git symbolic-ref --short HEAD [89ms]
[2022-07-18T22:44:56.383Z] > git for-each-ref --format=%(refname)%00%(upstream:short)%00%(objectname)%00%(upstream:track)%00%(upstream:remotename)%00%(upstream:remoteref) refs/heads/master refs/remotes/master [15ms]
[2022-07-18T22:44:56.403Z] > git symbolic-ref --short HEAD [49ms]
[2022-07-18T22:44:56.435Z] > git remote --verbose [33ms]
[2022-07-18T22:44:56.435Z] > git for-each-ref --sort -committerdate --format %(refname) %(objectname) %(*objectname) [42ms]
[2022-07-18T22:44:56.448Z] > git for-each-ref --format=%(refname)%00%(upstream:short)%00%(objectname)%00%(upstream:track)%00%(upstream:remotename)%00%(upstream:remoteref) refs/heads/master refs/remotes/master [36ms]
[2022-07-18T22:44:56.479Z] > git for-each-ref --sort -committerdate --format %(refname) %(objectname) %(*objectname) [20ms]
[2022-07-18T22:44:56.480Z] > git config --get commit.template [34ms]
[2022-07-18T22:44:56.483Z] > git remote --verbose [14ms]
[2022-07-18T22:44:56.496Z] > git config --get commit.template [2ms]
[2022-07-18T22:44:56.674Z] > git check-ignore -v -z --stdin [22ms]
[2022-07-18T22:44:56.676Z] > git check-ignore -v -z --stdin [14ms]
[2022-07-18T22:44:56.740Z] > git show --textconv :style.css [16ms]
[2022-07-18T22:44:56.741Z] > git ls-files --stage -- /home/rsptn/workspace/instagram-dio/style.css [1ms]
[2022-07-18T22:44:56.757Z] > git cat-file -s 886f205611024790b97c8837802504b66be17819 [3ms]
[2022-07-18T22:45:38.240Z] > git show --textconv :meu.html [20ms]
[2022-07-18T22:45:38.243Z] > git ls-files --stage -- /home/rsptn/workspace/instagram-dio/meu.html [8ms]
[2022-07-18T22:46:29.657Z] > git check-ignore -v -z --stdin [1ms]
[2022-07-18T22:46:30.158Z] > git status -z -uall [1ms]
[2022-07-18T22:46:30.166Z] > git symbolic-ref --short HEAD [2ms]
[2022-07-18T22:46:30.173Z] > git for-each-ref --format=%(refname)%00%(upstream:short)%00%(objectname)%00%(upstream:track)%00%(upstream:remotename)%00%(upstream:remoteref) refs/heads/master refs/remotes/master [1ms]
[2022-07-18T22:46:30.185Z] > git remote --verbose [1ms]
[2022-07-18T22:46:30.186Z] > git for-each-ref --sort -committerdate --format %(refname) %(objectname) %(*objectname) [7ms]
[2022-07-18T22:46:30.196Z] > git config --get commit.template [2ms]
[2022-07-18T22:46:41.173Z] > git check-ignore -v -z --stdin [2ms]
[2022-07-18T22:46:41.700Z] > git status -z -uall [2ms]
[2022-07-18T22:46:41.711Z] > git symbolic-ref --short HEAD [2ms]
[2022-07-18T22:46:41.719Z] > git for-each-ref --format=%(refname)%00%(upstream:short)%00%(objectname)%00%(upstream:track)%00%(upstream:remotename)%00%(upstream:remoteref) refs/heads/master refs/remotes/master [1ms]
[2022-07-18T22:46:41.736Z] > git for-each-ref --sort -committerdate --format %(refname) %(objectname) %(*objectname) [9ms]
[2022-07-18T22:46:41.736Z] > git remote --verbose [2ms]
[2022-07-18T22:46:41.747Z] > git config --get commit.template [2ms]
[2022-07-18T22:52:22.688Z] > git status -z -uall [7ms]
[2022-07-18T22:52:22.722Z] > git symbolic-ref --short HEAD [5ms]
[2022-07-18T22:52:22.744Z] > git for-each-ref --format=%(refname)%00%(upstream:short)%00%(objectname)%00%(upstream:track)%00%(upstream:remotename)%00%(upstream:remoteref) refs/heads/master refs/remotes/master [4ms]
[2022-07-18T22:52:22.770Z] > git for-each-ref --sort -committerdate --format %(refname) %(objectname) %(*objectname) [12ms]
[2022-07-18T22:52:22.770Z] > git remote --verbose [2ms]
[2022-07-18T22:52:22.788Z] > git config --get commit.template [2ms]
[2022-07-18T22:52:26.953Z] > git check-ignore -v -z --stdin [1ms]
[2022-07-18T22:52:27.803Z] > git status -z -uall [2ms]
[2022-07-18T22:52:27.811Z] > git symbolic-ref --short HEAD [2ms]
[2022-07-18T22:52:27.818Z] > git for-each-ref --format=%(refname)%00%(upstream:short)%00%(objectname)%00%(upstream:track)%00%(upstream:remotename)%00%(upstream:remoteref) refs/heads/master refs/remotes/master [1ms]
[2022-07-18T22:52:27.832Z] > git remote --verbose [1ms]
[2022-07-18T22:52:27.832Z] > git for-each-ref --sort -committerdate --format %(refname) %(objectname) %(*objectname) [8ms]
[2022-07-18T22:52:27.843Z] > git config --get commit.template [2ms]
[2022-07-18T22:52:56.568Z] > git show --textconv :insta/img/index.html [7ms]
[2022-07-18T22:52:56.569Z] > git ls-files --stage -- /home/rsptn/workspace/flex-box/insta/img/index.html [2ms]
[2022-07-18T22:52:56.793Z] > git check-ignore -v -z --stdin [1ms]
[2022-07-18T22:52:57.272Z] > git status -z -uall [2ms]
[2022-07-18T22:52:57.280Z] > git symbolic-ref --short HEAD [2ms]
[2022-07-18T22:52:57.287Z] > git for-each-ref --format=%(refname)%00%(upstream:short)%00%(objectname)%00%(upstream:track)%00%(upstream:remotename)%00%(upstream:remoteref) refs/heads/master refs/remotes/master [2ms]
[2022-07-18T22:52:57.299Z] > git remote --verbose [1ms]
[2022-07-18T22:52:57.300Z] > git for-each-ref --sort -committerdate --format %(refname) %(objectname) %(*objectname) [8ms]
[2022-07-18T22:52:57.310Z] > git config --get commit.template [1ms]
[2022-07-18T22:55:06.968Z] > git status -z -uall [3ms]
[2022-07-18T22:55:06.987Z] > git symbolic-ref --short HEAD [3ms]
[2022-07-18T22:55:07.010Z] > git for-each-ref --format=%(refname)%00%(upstream:short)%00%(objectname)%00%(upstream:track)%00%(upstream:remotename)%00%(upstream:remoteref) refs/heads/master refs/remotes/master [5ms]
[2022-07-18T22:55:07.054Z] > git remote --verbose [5ms]
[2022-07-18T22:55:07.055Z] > git for-each-ref --sort -committerdate --format %(refname) %(objectname) %(*objectname) [26ms]
[2022-07-18T22:55:07.100Z] > git config --get commit.template [7ms]
[2022-07-18T22:55:12.116Z] > git status -z -uall [2ms]
[2022-07-18T22:55:12.123Z] > git symbolic-ref --short HEAD [1ms]
[2022-07-18T22:55:12.131Z] > git for-each-ref --format=%(refname)%00%(upstream:short)%00%(objectname)%00%(upstream:track)%00%(upstream:remotename)%00%(upstream:remoteref) refs/heads/master refs/remotes/master [1ms]
[2022-07-18T22:55:12.143Z] > git for-each-ref --sort -committerdate --format %(refname) %(objectname) %(*objectname) [6ms]
[2022-07-18T22:55:12.144Z] > git remote --verbose [2ms]
[2022-07-18T22:55:12.154Z] > git config --get commit.template [2ms]
[2022-07-18T22:58:27.771Z] > git check-ignore -v -z --stdin [1ms]
[2022-07-18T22:58:47.305Z] > git show --textconv HEAD:insta/img/index.html [9ms]
[2022-07-18T22:58:47.307Z] > git ls-tree -l HEAD -- /home/rsptn/workspace/flex-box/insta/img/index.html [3ms]
[2022-07-18T22:58:47.307Z] fatal: Not a valid object name HEAD
[2022-07-18T22:58:54.455Z] > git show --textconv :insta/img/index.html [7ms]
[2022-07-18T22:58:54.456Z] > git ls-files --stage -- /home/rsptn/workspace/flex-box/insta/img/index.html [1ms]
[2022-07-18T22:58:55.793Z] > git ls-tree -l HEAD -- /home/rsptn/workspace/flex-box/insta/img/index.html [2ms]
[2022-07-18T22:58:55.793Z] fatal: Not a valid object name HEAD
[2022-07-18T22:58:57.545Z] > git show --textconv :insta/img/index.html [7ms]
[2022-07-18T22:58:57.546Z] > git ls-files --stage -- /home/rsptn/workspace/flex-box/insta/img/index.html [2ms]
[2022-07-18T23:02:29.034Z] > git check-ignore -v -z --stdin [1ms]
[2022-07-18T23:02:31.686Z] > git show --textconv :insta/img/index.html [6ms]
[2022-07-18T23:02:31.687Z] > git ls-files --stage -- /home/rsptn/workspace/flex-box/insta/img/index.html [2ms]
[2022-07-18T23:03:02.050Z] > git show --textconv :index.html [10ms]
[2022-07-18T23:03:02.051Z] > git ls-files --stage -- /home/rsptn/workspace/instagram-dio/index.html [2ms]
[2022-07-18T23:03:02.059Z] > git cat-file -s f106c7c5fabcbc26fae3290e802ea0fe3cc7161b [1ms]
[2022-07-18T23:03:12.470Z] > git show --textconv :insta/img/index.html [12ms]
[2022-07-18T23:03:12.471Z] > git ls-files --stage -- /home/rsptn/workspace/flex-box/insta/img/index.html [2ms]
[2022-07-18T23:03:37.695Z] > git show --textconv :insta/img/index.html [7ms]
[2022-07-18T23:03:37.696Z] > git ls-files --stage -- /home/rsptn/workspace/flex-box/insta/img/index.html [2ms]
[2022-07-18T23:03:59.220Z] > git show --textconv :insta/img/index.html [7ms]
[2022-07-18T23:03:59.221Z] > git ls-files --stage -- /home/rsptn/workspace/flex-box/insta/img/index.html [1ms]
[2022-07-18T23:04:16.035Z] > git show --textconv :insta/img/index.html [8ms]
[2022-07-18T23:04:16.036Z] > git ls-files --stage -- /home/rsptn/workspace/flex-box/insta/img/index.html [2ms]
[2022-07-18T23:04:20.179Z] > git check-ignore -v -z --stdin [1ms]
[2022-07-18T23:04:25.114Z] > git show --textconv :insta/img/index.html [9ms]
[2022-07-18T23:04:25.115Z] > git ls-files --stage -- /home/rsptn/workspace/flex-box/insta/img/index.html [3ms]
[2022-07-18T23:04:30.799Z] > git check-ignore -v -z --stdin [1ms]
[2022-07-18T23:04:38.200Z] > git show --textconv :insta/img/index.html [7ms]
[2022-07-18T23:04:38.201Z] > git ls-files --stage -- /home/rsptn/workspace/flex-box/insta/img/index.html [2ms]
[2022-07-18T23:05:29.951Z] > git show --textconv :insta/img/style.css [14ms]
[2022-07-18T23:05:29.952Z] > git ls-files --stage -- /home/rsptn/workspace/flex-box/insta/img/style.css [2ms]
[2022-07-18T23:05:30.622Z] > git status -z -uall [2ms]
[2022-07-18T23:05:30.630Z] > git symbolic-ref --short HEAD [2ms]
[2022-07-18T23:05:30.638Z] > git for-each-ref --format=%(refname)%00%(upstream:short)%00%(objectname)%00%(upstream:track)%00%(upstream:remotename)%00%(upstream:remoteref) refs/heads/master refs/remotes/master [2ms]
[2022-07-18T23:05:30.651Z] > git for-each-ref --sort -committerdate --format %(refname) %(objectname) %(*objectname) [7ms]
[2022-07-18T23:05:30.651Z] > git remote --verbose [1ms]
[2022-07-18T23:05:30.661Z] > git config --get commit.template [1ms]
[2022-07-18T23:05:37.906Z] > git show --textconv :insta/img/index.html [10ms]
[2022-07-18T23:05:37.907Z] > git ls-files --stage -- /home/rsptn/workspace/flex-box/insta/img/index.html [2ms]
[2022-07-18T23:05:47.068Z] > git show --textconv :insta/index.html [12ms]
[2022-07-18T23:05:47.069Z] > git ls-files --stage -- /home/rsptn/workspace/flex-box/insta/index.html [2ms]
[2022-07-18T23:05:47.336Z] > git check-ignore -v -z --stdin [2ms]
[2022-07-18T23:05:47.759Z] > git status -z -uall [2ms]
[2022-07-18T23:05:47.767Z] > git symbolic-ref --short HEAD [1ms]
[2022-07-18T23:05:47.778Z] > git for-each-ref --format=%(refname)%00%(upstream:short)%00%(objectname)%00%(upstream:track)%00%(upstream:remotename)%00%(upstream:remoteref) refs/heads/master refs/remotes/master [1ms]
[2022-07-18T23:05:47.795Z] > git for-each-ref --sort -committerdate --format %(refname) %(objectname) %(*objectname) [9ms]
[2022-07-18T23:05:47.795Z] > git remote --verbose [1ms]
[2022-07-18T23:05:47.807Z] > git config --get commit.template [2ms]
[2022-07-18T23:05:51.083Z] > git check-ignore -v -z --stdin [2ms]
[2022-07-18T23:05:57.388Z] > git status -z -uall [1ms]
[2022-07-18T23:05:57.402Z] > git symbolic-ref --short HEAD [2ms]
[2022-07-18T23:05:57.413Z] > git for-each-ref --format=%(refname)%00%(upstream:short)%00%(objectname)%00%(upstream:track)%00%(upstream:remotename)%00%(upstream:remoteref) refs/heads/master refs/remotes/master [3ms]
[2022-07-18T23:05:57.439Z] > git for-each-ref --sort -committerdate --format %(refname) %(objectname) %(*objectname) [15ms]
[2022-07-18T23:05:57.439Z] > git remote --verbose [2ms]
[2022-07-18T23:05:57.454Z] > git config --get commit.template [2ms]
[2022-07-18T23:06:18.425Z] > git check-ignore -v -z --stdin [1ms]
[2022-07-18T23:06:25.300Z] > git show --textconv :insta/index.html [7ms]
[2022-07-18T23:06:25.301Z] > git ls-files --stage -- /home/rsptn/workspace/flex-box/insta/index.html [2ms]
[2022-07-18T23:06:39.471Z] > git check-ignore -v -z --stdin [1ms]
[2022-07-18T23:06:42.409Z] > git show --textconv :insta/index.html [7ms]
[2022-07-18T23:06:42.410Z] > git ls-files --stage -- /home/rsptn/workspace/flex-box/insta/index.html [1ms]
[2022-07-18T23:06:45.120Z] > git status -z -uall [1ms]
[2022-07-18T23:06:45.127Z] > git symbolic-ref --short HEAD [1ms]
[2022-07-18T23:06:45.135Z] > git for-each-ref --format=%(refname)%00%(upstream:short)%00%(objectname)%00%(upstream:track)%00%(upstream:remotename)%00%(upstream:remoteref) refs/heads/master refs/remotes/master [2ms]
[2022-07-18T23:06:45.147Z] > git for-each-ref --sort -committerdate --format %(refname) %(objectname) %(*objectname) [7ms]
[2022-07-18T23:06:45.147Z] > git remote --verbose [1ms]
[2022-07-18T23:06:45.157Z] > git config --get commit.template [2ms]
[2022-07-18T23:07:07.322Z] > git status -z -uall [2ms]
[2022-07-18T23:07:07.329Z] > git symbolic-ref --short HEAD [1ms]
[2022-07-18T23:07:07.336Z] > git for-each-ref --format=%(refname)%00%(upstream:short)%00%(objectname)%00%(upstream:track)%00%(upstream:remotename)%00%(upstream:remoteref) refs/heads/master refs/remotes/master [2ms]
[2022-07-18T23:07:07.347Z] > git for-each-ref --sort -committerdate --format %(refname) %(objectname) %(*objectname) [6ms]
[2022-07-18T23:07:07.347Z] > git remote --verbose [1ms]
[2022-07-18T23:07:07.357Z] > git config --get commit.template [1ms]
[2022-07-18T23:07:14.716Z] > git status -z -uall [2ms]
[2022-07-18T23:07:14.723Z] > git symbolic-ref --short HEAD [1ms]
[2022-07-18T23:07:14.731Z] > git for-each-ref --format=%(refname)%00%(upstream:short)%00%(objectname)%00%(upstream:track)%00%(upstream:remotename)%00%(upstream:remoteref) refs/heads/master refs/remotes/master [2ms]
[2022-07-18T23:07:14.743Z] > git for-each-ref --sort -committerdate --format %(refname) %(objectname) %(*objectname) [6ms]
[2022-07-18T23:07:14.743Z] > git remote --verbose [1ms]
[2022-07-18T23:07:14.753Z] > git config --get commit.template [1ms]
[2022-07-18T23:07:16.711Z] > git show --textconv :insta/index.html [7ms]
[2022-07-18T23:07:16.712Z] > git ls-files --stage -- /home/rsptn/workspace/flex-box/insta/index.html [2ms]
[2022-07-18T23:07:28.503Z] > git show --textconv :insta/index.html [7ms]
[2022-07-18T23:07:28.503Z] > git ls-files --stage -- /home/rsptn/workspace/flex-box/insta/index.html [1ms]
[2022-07-18T23:07:38.406Z] > git show --textconv :insta/index.html [6ms]
[2022-07-18T23:07:38.407Z] > git ls-files --stage -- /home/rsptn/workspace/flex-box/insta/index.html [2ms]
[2022-07-18T23:07:46.703Z] > git show --textconv :insta/css/style.css [7ms]
[2022-07-18T23:07:46.704Z] > git ls-files --stage -- /home/rsptn/workspace/flex-box/insta/css/style.css [2ms]
[2022-07-18T23:07:48.937Z] > git show --textconv :insta/index.html [7ms]
[2022-07-18T23:07:48.938Z] > git ls-files --stage -- /home/rsptn/workspace/flex-box/insta/index.html [2ms]
[2022-07-18T23:21:38.609Z] > git show --textconv :insta/css/style.css [6ms]
[2022-07-18T23:21:38.610Z] > git ls-files --stage -- /home/rsptn/workspace/flex-box/insta/css/style.css [1ms]
[2022-07-18T23:21:49.476Z] > git show --textconv :insta/index.html [6ms]
[2022-07-18T23:21:49.477Z] > git ls-files --stage -- /home/rsptn/workspace/flex-box/insta/index.html [1ms]
[2022-07-18T23:22:01.413Z] > git show --textconv :insta/css/style.css [6ms]
[2022-07-18T23:22:01.414Z] > git ls-files --stage -- /home/rsptn/workspace/flex-box/insta/css/style.css [1ms]
[2022-07-18T23:25:09.998Z] > git show --textconv :index.html [8ms]
[2022-07-18T23:25:09.999Z] > git ls-files --stage -- /home/rsptn/workspace/instagram-dio/index.html [2ms]
[2022-07-18T23:25:10.010Z] > git cat-file -s f106c7c5fabcbc26fae3290e802ea0fe3cc7161b [4ms]
[2022-07-18T23:25:32.960Z] > git show --textconv :style.css [11ms]
[2022-07-18T23:25:32.961Z] > git ls-files --stage -- /home/rsptn/workspace/instagram-dio/style.css [4ms]
[2022-07-18T23:25:32.969Z] > git cat-file -s 886f205611024790b97c8837802504b66be17819 [1ms]
[2022-07-18T23:25:50.189Z] > git show --textconv :insta/css/style.css [7ms]
[2022-07-18T23:25:50.190Z] > git ls-files --stage -- /home/rsptn/workspace/flex-box/insta/css/style.css [2ms]
[2022-07-18T23:26:02.084Z] > git show --textconv :style.css [8ms]
[2022-07-18T23:26:02.085Z] > git ls-files --stage -- /home/rsptn/workspace/instagram-dio/style.css [1ms]
[2022-07-18T23:26:02.095Z] > git cat-file -s 886f205611024790b97c8837802504b66be17819 [1ms]
[2022-07-18T23:26:08.998Z] > git show --textconv :insta/css/style.css [8ms]
[2022-07-18T23:26:09.000Z] > git ls-files --stage -- /home/rsptn/workspace/flex-box/insta/css/style.css [3ms]
[2022-07-18T23:26:58.936Z] > git show --textconv :insta/index.html [8ms]
[2022-07-18T23:26:58.937Z] > git ls-files --stage -- /home/rsptn/workspace/flex-box/insta/index.html [2ms]
[2022-07-18T23:27:04.583Z] > git show --textconv :insta/css/style.css [9ms]
[2022-07-18T23:27:04.584Z] > git ls-files --stage -- /home/rsptn/workspace/flex-box/insta/css/style.css [2ms]
[2022-07-18T23:27:06.939Z] > git show --textconv :style.css [9ms]
[2022-07-18T23:27:06.940Z] > git ls-files --stage -- /home/rsptn/workspace/instagram-dio/style.css [2ms]
[2022-07-18T23:27:06.949Z] > git cat-file -s 886f205611024790b97c8837802504b66be17819 [2ms]
[2022-07-18T23:27:39.152Z] > git show --textconv :insta/css/style.css [8ms]
[2022-07-18T23:27:39.153Z] > git ls-files --stage -- /home/rsptn/workspace/flex-box/insta/css/style.css [3ms]
[2022-07-18T23:27:49.291Z] > git show --textconv :style.css [8ms]
[2022-07-18T23:27:49.292Z] > git ls-files --stage -- /home/rsptn/workspace/instagram-dio/style.css [1ms]
[2022-07-18T23:27:49.301Z] > git cat-file -s 886f205611024790b97c8837802504b66be17819 [2ms]
[2022-07-18T23:27:56.798Z] > git show --textconv :insta/css/style.css [8ms]
[2022-07-18T23:27:56.800Z] > git ls-files --stage -- /home/rsptn/workspace/flex-box/insta/css/style.css [3ms]
[2022-07-18T23:29:10.130Z] > git show --textconv :style.css [11ms]
[2022-07-18T23:29:10.132Z] > git ls-files --stage -- /home/rsptn/workspace/instagram-dio/style.css [3ms]
[2022-07-18T23:29:10.141Z] > git cat-file -s 886f205611024790b97c8837802504b66be17819 [2ms]
[2022-07-18T23:29:31.051Z] > git show --textconv :insta/css/style.css [8ms]
[2022-07-18T23:29:31.052Z] > git ls-files --stage -- /home/rsptn/workspace/flex-box/insta/css/style.css [3ms]
[2022-07-18T23:29:49.287Z] > git show --textconv :insta/index.html [11ms]
[2022-07-18T23:29:49.288Z] > git ls-files --stage -- /home/rsptn/workspace/flex-box/insta/index.html [1ms]
[2022-07-18T23:48:40.313Z] > git show --textconv :style.css [7ms]
[2022-07-18T23:48:40.315Z] > git ls-files --stage -- /home/rsptn/workspace/instagram-dio/style.css [2ms]
[2022-07-18T23:48:40.323Z] > git cat-file -s 886f205611024790b97c8837802504b66be17819 [2ms]
[2022-07-18T23:48:42.677Z] > git show --textconv :insta/css/style.css [9ms]
[2022-07-18T23:48:42.680Z] > git ls-files --stage -- /home/rsptn/workspace/flex-box/insta/css/style.css [3ms]
[2022-07-18T23:49:02.542Z] > git show --textconv :style.css [7ms]
[2022-07-18T23:49:02.545Z] > git ls-files --stage -- /home/rsptn/workspace/instagram-dio/style.css [3ms]
[2022-07-18T23:49:02.553Z] > git cat-file -s 886f205611024790b97c8837802504b66be17819 [1ms]
[2022-07-18T23:49:04.997Z] > git show --textconv :insta/index.html [7ms]
[2022-07-18T23:49:04.998Z] > git ls-files --stage -- /home/rsptn/workspace/flex-box/insta/index.html [1ms]
[2022-07-18T23:51:22.948Z] > git show --textconv :insta/css/style.css [8ms]
[2022-07-18T23:51:22.950Z] > git ls-files --stage -- /home/rsptn/workspace/flex-box/insta/css/style.css [3ms]
[2022-07-18T23:53:04.040Z] > git show --textconv :style.css [10ms]
[2022-07-18T23:53:04.041Z] > git ls-files --stage -- /home/rsptn/workspace/instagram-dio/style.css [3ms]
[2022-07-18T23:53:04.050Z] > git cat-file -s 886f205611024790b97c8837802504b66be17819 [2ms]
[2022-07-18T23:53:05.998Z] > git show --textconv :insta/index.html [7ms]
[2022-07-18T23:53:05.999Z] > git ls-files --stage -- /home/rsptn/workspace/flex-box/insta/index.html [1ms]
[2022-07-18T23:54:49.099Z] > git show --textconv :insta/css/style.css [9ms]
[2022-07-18T23:54:49.101Z] > git ls-files --stage -- /home/rsptn/workspace/flex-box/insta/css/style.css [3ms]
[2022-07-18T23:55:41.972Z] > git show --textconv :insta/index.html [11ms]
[2022-07-18T23:55:41.973Z] > git ls-files --stage -- /home/rsptn/workspace/flex-box/insta/index.html [2ms]
[2022-07-19T00:06:12.658Z] > git check-ignore -v -z --stdin [4ms]
[2022-07-19T00:06:13.346Z] > git status -z -uall [13ms]
[2022-07-19T00:06:13.389Z] > git symbolic-ref --short HEAD [7ms]
[2022-07-19T00:06:13.434Z] > git for-each-ref --format=%(refname)%00%(upstream:short)%00%(objectname)%00%(upstream:track)%00%(upstream:remotename)%00%(upstream:remoteref) refs/heads/master refs/remotes/master [6ms]
[2022-07-19T00:06:13.516Z] > git remote --verbose [10ms]
[2022-07-19T00:06:13.517Z] > git for-each-ref --sort -committerdate --format %(refname) %(objectname) %(*objectname) [45ms]
[2022-07-19T00:06:13.567Z] > git config --get commit.template [5ms]
[2022-07-19T00:16:20.122Z] > git show --textconv :insta/css/style.css [7ms]
[2022-07-19T00:16:20.124Z] > git ls-files --stage -- /home/rsptn/workspace/flex-box/insta/css/style.css [2ms]
[2022-07-19T00:20:00.050Z] > git show --textconv :insta/index.html [9ms]
[2022-07-19T00:20:00.051Z] > git ls-files --stage -- /home/rsptn/workspace/flex-box/insta/index.html [2ms]
[2022-07-19T00:24:13.829Z] > git show --textconv :insta/css/style.css [8ms]
[2022-07-19T00:24:13.830Z] > git ls-files --stage -- /home/rsptn/workspace/flex-box/insta/css/style.css [2ms]
[2022-07-19T00:28:36.065Z] > git show --textconv :insta/index.html [11ms]
[2022-07-19T00:28:36.066Z] > git ls-files --stage -- /home/rsptn/workspace/flex-box/insta/index.html [3ms]
[2022-07-19T00:28:48.230Z] > git show --textconv :insta/css/style.css [9ms]
[2022-07-19T00:28:48.231Z] > git ls-files --stage -- /home/rsptn/workspace/flex-box/insta/css/style.css [2ms]
[2022-07-19T00:28:49.831Z] > git show --textconv :insta/index.html [8ms]
[2022-07-19T00:28:49.832Z] > git ls-files --stage -- /home/rsptn/workspace/flex-box/insta/index.html [2ms]
[2022-07-19T00:28:52.348Z] > git show --textconv :insta/css/style.css [9ms]
[2022-07-19T00:28:52.349Z] > git ls-files --stage -- /home/rsptn/workspace/flex-box/insta/css/style.css [3ms]
[2022-07-19T00:29:39.946Z] > git show --textconv :insta/index.html [8ms]
[2022-07-19T00:29:39.947Z] > git ls-files --stage -- /home/rsptn/workspace/flex-box/insta/index.html [2ms]
[2022-07-19T00:35:53.552Z] > git show --textconv :insta/css/style.css [7ms]
[2022-07-19T00:35:53.553Z] > git ls-files --stage -- /home/rsptn/workspace/flex-box/insta/css/style.css [2ms]
[2022-07-19T00:38:18.483Z] > git show --textconv :insta/index.html [7ms]
[2022-07-19T00:38:18.484Z] > git ls-files --stage -- /home/rsptn/workspace/flex-box/insta/index.html [1ms]
[2022-07-19T00:43:47.206Z] > git show --textconv :insta/css/style.css [10ms]
[2022-07-19T00:43:47.207Z] > git ls-files --stage -- /home/rsptn/workspace/flex-box/insta/css/style.css [2ms]
[2022-07-19T00:44:13.238Z] > git show --textconv :insta/index.html [12ms]
[2022-07-19T00:44:13.239Z] > git ls-files --stage -- /home/rsptn/workspace/flex-box/insta/index.html [2ms]
[2022-07-19T00:44:20.792Z] > git show --textconv :insta/css/style.css [7ms]
[2022-07-19T00:44:20.793Z] > git ls-files --stage -- /home/rsptn/workspace/flex-box/insta/css/style.css [2ms]
[2022-07-19T00:45:59.005Z] > git show --textconv :insta/index.html [13ms]
[2022-07-19T00:45:59.006Z] > git ls-files --stage -- /home/rsptn/workspace/flex-box/insta/index.html [2ms]
[2022-07-19T00:46:07.087Z] > git show --textconv :insta/css/style.css [8ms]
[2022-07-19T00:46:07.088Z] > git ls-files --stage -- /home/rsptn/workspace/flex-box/insta/css/style.css [2ms]
[2022-07-19T00:50:51.227Z] > git show --textconv :insta/index.html [8ms]
[2022-07-19T00:50:51.228Z] > git ls-files --stage -- /home/rsptn/workspace/flex-box/insta/index.html [1ms]
[2022-07-19T00:51:04.427Z] > git show --textconv :insta/css/style.css [8ms]
[2022-07-19T00:51:04.428Z] > git ls-files --stage -- /home/rsptn/workspace/flex-box/insta/css/style.css [2ms]
[2022-07-19T00:54:44.187Z] > git show --textconv :insta/index.html [8ms]
[2022-07-19T00:54:44.188Z] > git ls-files --stage -- /home/rsptn/workspace/flex-box/insta/index.html [1ms]
[2022-07-19T00:54:59.088Z] > git show --textconv :insta/css/style.css [8ms]
[2022-07-19T00:54:59.089Z] > git ls-files --stage -- /home/rsptn/workspace/flex-box/insta/css/style.css [2ms]
[2022-07-19T01:28:48.445Z] > git status -z -uall [39ms]
[2022-07-19T01:28:48.516Z] > git symbolic-ref --short HEAD [14ms]
[2022-07-19T01:28:48.568Z] > git for-each-ref --format=%(refname)%00%(upstream:short)%00%(objectname)%00%(upstream:track)%00%(upstream:remotename)%00%(upstream:remoteref) refs/heads/master refs/remotes/master [12ms]
[2022-07-19T01:28:48.613Z] > git for-each-ref --sort -committerdate --format %(refname) %(objectname) %(*objectname) [19ms]
[2022-07-19T01:28:48.614Z] > git remote --verbose [5ms]
[2022-07-19T01:28:48.636Z] > git config --get commit.template [7ms]
[2022-07-19T01:39:05.885Z] > git show --textconv :insta/index.html [17ms]
[2022-07-19T01:39:05.887Z] > git ls-files --stage -- /home/rsptn/workspace/flex-box/insta/index.html [3ms]
[2022-07-19T01:39:07.834Z] > git show --textconv :insta/css/style.css [9ms]
[2022-07-19T01:39:07.835Z] > git ls-files --stage -- /home/rsptn/workspace/flex-box/insta/css/style.css [3ms]
[2022-07-19T01:44:05.682Z] > git show --textconv :style.css [9ms]
[2022-07-19T01:44:05.683Z] > git ls-files --stage -- /home/rsptn/workspace/instagram-dio/style.css [2ms]
[2022-07-19T01:44:05.692Z] > git cat-file -s 886f205611024790b97c8837802504b66be17819 [2ms]
[2022-07-19T01:44:19.503Z] > git show --textconv :insta/index.html [8ms]
[2022-07-19T01:44:19.504Z] > git ls-files --stage -- /home/rsptn/workspace/flex-box/insta/index.html [1ms]
[2022-07-19T01:45:30.506Z] > git show --textconv :insta/css/style.css [8ms]
[2022-07-19T01:45:30.508Z] > git ls-files --stage -- /home/rsptn/workspace/flex-box/insta/css/style.css [3ms]
[2022-07-19T01:54:40.287Z] > git status -z -uall [13ms]
[2022-07-19T01:54:40.312Z] > git symbolic-ref --short HEAD [6ms]
[2022-07-19T01:54:40.343Z] > git for-each-ref --format=%(refname)%00%(upstream:short)%00%(objectname)%00%(upstream:track)%00%(upstream:remotename)%00%(upstream:remoteref) refs/heads/master refs/remotes/master [6ms]
[2022-07-19T01:54:40.403Z] > git remote --verbose [7ms]
[2022-07-19T01:54:40.405Z] > git for-each-ref --sort -committerdate --format %(refname) %(objectname) %(*objectname) [34ms]
[2022-07-19T01:54:40.438Z] > git config --get commit.template [3ms]
[2022-07-19T01:54:45.461Z] > git status -z -uall [5ms]
[2022-07-19T01:54:45.481Z] > git symbolic-ref --short HEAD [4ms]
[2022-07-19T01:54:45.497Z] > git for-each-ref --format=%(refname)%00%(upstream:short)%00%(objectname)%00%(upstream:track)%00%(upstream:remotename)%00%(upstream:remoteref) refs/heads/master refs/remotes/master [4ms]
[2022-07-19T01:54:45.521Z] > git for-each-ref --sort -committerdate --format %(refname) %(objectname) %(*objectname) [10ms]
[2022-07-19T01:54:45.521Z] > git remote --verbose [2ms]
[2022-07-19T01:54:45.536Z] > git config --get commit.template [4ms]
[2022-07-19T01:54:55.583Z] > git show --textconv :insta/index.html [13ms]
[2022-07-19T01:54:55.584Z] > git ls-files --stage -- /home/rsptn/workspace/flex-box/insta/index.html [2ms]
[2022-07-19T01:55:28.456Z] > git show --textconv :insta/css/style.css [8ms]
[2022-07-19T01:55:28.457Z] > git ls-files --stage -- /home/rsptn/workspace/flex-box/insta/css/style.css [2ms]
[2022-07-19T01:57:18.816Z] > git show --textconv :insta/index.html [9ms]
[2022-07-19T01:57:18.817Z] > git ls-files --stage -- /home/rsptn/workspace/flex-box/insta/index.html [2ms]
[2022-07-19T01:57:54.116Z] > git show --textconv :insta/css/style.css [9ms]
[2022-07-19T01:57:54.117Z] > git ls-files --stage -- /home/rsptn/workspace/flex-box/insta/css/style.css [3ms]
[2022-07-19T02:05:12.281Z] > git show --textconv :insta/index.html [10ms]
[2022-07-19T02:05:12.283Z] > git ls-files --stage -- /home/rsptn/workspace/flex-box/insta/index.html [2ms]
[2022-07-19T02:05:34.368Z] > git show --textconv :insta/css/style.css [10ms]
[2022-07-19T02:05:34.369Z] > git ls-files --stage -- /home/rsptn/workspace/flex-box/insta/css/style.css [2ms]
[2022-07-19T02:10:56.765Z] > git status -z -uall [7ms]
[2022-07-19T02:10:56.816Z] > git symbolic-ref --short HEAD [9ms]
[2022-07-19T02:10:56.866Z] > git for-each-ref --format=%(refname)%00%(upstream:short)%00%(objectname)%00%(upstream:track)%00%(upstream:remotename)%00%(upstream:remoteref) refs/heads/master refs/remotes/master [7ms]
[2022-07-19T02:10:56.968Z] > git for-each-ref --sort -committerdate --format %(refname) %(objectname) %(*objectname) [55ms]
[2022-07-19T02:10:56.970Z] > git remote --verbose [5ms]
[2022-07-19T02:10:57.054Z] > git config --get commit.template [35ms]
[2022-07-19T02:13:19.625Z] > git status -z -uall [26ms]
[2022-07-19T02:13:19.673Z] > git symbolic-ref --short HEAD [10ms]
[2022-07-19T02:13:19.718Z] > git for-each-ref --format=%(refname)%00%(upstream:short)%00%(objectname)%00%(upstream:track)%00%(upstream:remotename)%00%(upstream:remoteref) refs/heads/master refs/remotes/master [9ms]
[2022-07-19T02:13:19.808Z] > git for-each-ref --sort -committerdate --format %(refname) %(objectname) %(*objectname) [53ms]
[2022-07-19T02:13:19.810Z] > git remote --verbose [30ms]
[2022-07-19T02:13:19.836Z] > git config --get commit.template [2ms]
[2022-07-19T02:13:45.224Z] > git show --textconv :insta/index.html [8ms]
[2022-07-19T02:13:45.225Z] > git ls-files --stage -- /home/rsptn/workspace/flex-box/insta/index.html [2ms]
[2022-07-19T02:18:08.289Z] > git show --textconv :insta/css/style.css [8ms]
[2022-07-19T02:18:08.290Z] > git ls-files --stage -- /home/rsptn/workspace/flex-box/insta/css/style.css [2ms]
[2022-07-19T02:21:40.912Z] > git show --textconv :insta/index.html [19ms]
[2022-07-19T02:21:40.913Z] > git ls-files --stage -- /home/rsptn/workspace/flex-box/insta/index.html [1ms]
[2022-07-19T02:22:06.977Z] > git show --textconv :insta/css/style.css [9ms]
[2022-07-19T02:22:06.978Z] > git ls-files --stage -- /home/rsptn/workspace/flex-box/insta/css/style.css [2ms]
[2022-07-19T02:22:22.619Z] > git show --textconv :insta/index.html [8ms]
[2022-07-19T02:22:22.620Z] > git ls-files --stage -- /home/rsptn/workspace/flex-box/insta/index.html [2ms]
[2022-07-19T02:25:02.254Z] > git show --textconv :insta/css/style.css [8ms]
[2022-07-19T02:25:02.255Z] > git ls-files --stage -- /home/rsptn/workspace/flex-box/insta/css/style.css [2ms]
[2022-07-19T02:25:25.338Z] > git show --textconv :insta/index.html [10ms]
[2022-07-19T02:25:25.340Z] > git ls-files --stage -- /home/rsptn/workspace/flex-box/insta/index.html [3ms]
[2022-07-19T02:25:32.259Z] > git show --textconv :insta/css/style.css [10ms]
[2022-07-19T02:25:32.261Z] > git ls-files --stage -- /home/rsptn/workspace/flex-box/insta/css/style.css [2ms]
[2022-07-19T02:45:08.998Z] > git show --textconv :insta/index.html [10ms]
[2022-07-19T02:45:09.000Z] > git ls-files --stage -- /home/rsptn/workspace/flex-box/insta/index.html [4ms]
[2022-07-19T02:45:25.789Z] > git show --textconv :insta/css/style.css [9ms]
[2022-07-19T02:45:25.790Z] > git ls-files --stage -- /home/rsptn/workspace/flex-box/insta/css/style.css [2ms]
[2022-07-19T02:46:33.867Z] > git show --textconv :style.css [8ms]
[2022-07-19T02:46:33.868Z] > git ls-files --stage -- /home/rsptn/workspace/instagram-dio/style.css [2ms]
[2022-07-19T02:46:33.882Z] > git cat-file -s 886f205611024790b97c8837802504b66be17819 [2ms]
[2022-07-19T02:46:38.203Z] > git show --textconv :insta/index.html [12ms]
[2022-07-19T02:46:38.204Z] > git ls-files --stage -- /home/rsptn/workspace/flex-box/insta/index.html [2ms]
[2022-07-19T02:46:40.559Z] > git show --textconv :insta/css/style.css [8ms]
[2022-07-19T02:46:40.560Z] > git ls-files --stage -- /home/rsptn/workspace/flex-box/insta/css/style.css [2ms]
[2022-07-19T02:46:42.729Z] > git show --textconv :style.css [11ms]
[2022-07-19T02:46:42.730Z] > git ls-files --stage -- /home/rsptn/workspace/instagram-dio/style.css [3ms]
[2022-07-19T02:46:42.740Z] > git cat-file -s 886f205611024790b97c8837802504b66be17819 [2ms]
[2022-07-19T02:46:46.677Z] > git show --textconv :insta/index.html [10ms]
[2022-07-19T02:46:46.678Z] > git ls-files --stage -- /home/rsptn/workspace/flex-box/insta/index.html [2ms]
[2022-07-19T02:47:04.920Z] > git show --textconv :insta/css/style.css [8ms]
[2022-07-19T02:47:04.921Z] > git ls-files --stage -- /home/rsptn/workspace/flex-box/insta/css/style.css [2ms]
[2022-07-19T02:47:21.920Z] > git show --textconv :insta/index.html [17ms]
[2022-07-19T02:47:21.921Z] > git ls-files --stage -- /home/rsptn/workspace/flex-box/insta/index.html [2ms]
[2022-07-19T02:47:35.665Z] > git show --textconv :insta/css/style.css [10ms]
[2022-07-19T02:47:35.666Z] > git ls-files --stage -- /home/rsptn/workspace/flex-box/insta/css/style.css [2ms]
[2022-07-19T02:48:31.674Z] > git show --textconv :style.css [9ms]
[2022-07-19T02:48:31.675Z] > git ls-files --stage -- /home/rsptn/workspace/instagram-dio/style.css [2ms]
[2022-07-19T02:48:31.684Z] > git cat-file -s 886f205611024790b97c8837802504b66be17819 [2ms]
[2022-07-19T02:49:05.268Z] > git show --textconv :insta/index.html [10ms]
[2022-07-19T02:49:05.271Z] > git ls-files --stage -- /home/rsptn/workspace/flex-box/insta/index.html [4ms]
[2022-07-19T02:49:09.108Z] > git show --textconv :insta/css/style.css [15ms]
[2022-07-19T02:49:09.110Z] > git ls-files --stage -- /home/rsptn/workspace/flex-box/insta/css/style.css [2ms]
[2022-07-19T02:49:10.328Z] > git show --textconv :insta/index.html [9ms]
[2022-07-19T02:49:10.329Z] > git ls-files --stage -- /home/rsptn/workspace/flex-box/insta/index.html [2ms]
[2022-07-19T02:49:12.541Z] > git show --textconv :insta/css/style.css [8ms]
[2022-07-19T02:49:12.542Z] > git ls-files --stage -- /home/rsptn/workspace/flex-box/insta/css/style.css [2ms]
[2022-07-19T02:50:32.427Z] > git show --textconv :style.css [8ms]
[2022-07-19T02:50:32.428Z] > git ls-files --stage -- /home/rsptn/workspace/instagram-dio/style.css [2ms]
[2022-07-19T02:50:32.436Z] > git cat-file -s 886f205611024790b97c8837802504b66be17819 [1ms]
[2022-07-19T02:50:34.639Z] > git show --textconv :insta/css/style.css [8ms]
[2022-07-19T02:50:34.640Z] > git ls-files --stage -- /home/rsptn/workspace/flex-box/insta/css/style.css [2ms]
[2022-07-19T02:50:35.706Z] > git show --textconv :insta/index.html [12ms]
[2022-07-19T02:50:35.707Z] > git ls-files --stage -- /home/rsptn/workspace/flex-box/insta/index.html [1ms]
[2022-07-19T02:50:41.014Z] > git show --textconv :insta/css/style.css [8ms]
[2022-07-19T02:50:41.016Z] > git ls-files --stage -- /home/rsptn/workspace/flex-box/insta/css/style.css [3ms]
[2022-07-19T02:53:30.683Z] > git show --textconv :insta/index.html [11ms]
[2022-07-19T02:53:30.685Z] > git ls-files --stage -- /home/rsptn/workspace/flex-box/insta/index.html [3ms]
[2022-07-19T02:53:54.155Z] > git show --textconv :insta/css/style.css [9ms]
[2022-07-19T02:53:54.156Z] > git ls-files --stage -- /home/rsptn/workspace/flex-box/insta/css/style.css [2ms]
[2022-07-19T02:54:47.083Z] > git show --textconv :insta/index.html [11ms]
[2022-07-19T02:54:47.084Z] > git ls-files --stage -- /home/rsptn/workspace/flex-box/insta/index.html [2ms]
[2022-07-19T02:55:49.710Z] > git show --textconv :insta/css/style.css [8ms]
[2022-07-19T02:55:49.712Z] > git ls-files --stage -- /home/rsptn/workspace/flex-box/insta/css/style.css [3ms]
[2022-07-19T03:00:26.377Z] > git show --textconv :style.css [8ms]
[2022-07-19T03:00:26.378Z] > git ls-files --stage -- /home/rsptn/workspace/instagram-dio/style.css [2ms]
[2022-07-19T03:00:26.388Z] > git cat-file -s 886f205611024790b97c8837802504b66be17819 [2ms]
[2022-07-19T03:00:29.180Z] > git show --textconv :insta/index.html [9ms]
[2022-07-19T03:00:29.181Z] > git ls-files --stage -- /home/rsptn/workspace/flex-box/insta/index.html [1ms]
[2022-07-19T03:01:12.610Z] > git show --textconv :insta/css/style.css [11ms]
[2022-07-19T03:01:12.611Z] > git ls-files --stage -- /home/rsptn/workspace/flex-box/insta/css/style.css [2ms]
[2022-07-19T03:01:45.666Z] > git show --textconv :style.css [8ms]
[2022-07-19T03:01:45.667Z] > git ls-files --stage -- /home/rsptn/workspace/instagram-dio/style.css [2ms]
[2022-07-19T03:01:45.676Z] > git cat-file -s 886f205611024790b97c8837802504b66be17819 [2ms]
[2022-07-19T03:03:16.132Z] > git show --textconv :insta/index.html [14ms]
[2022-07-19T03:03:16.133Z] > git ls-files --stage -- /home/rsptn/workspace/flex-box/insta/index.html [2ms]
[2022-07-19T03:03:40.088Z] > git show --textconv :insta/css/style.css [11ms]
[2022-07-19T03:03:40.090Z] > git ls-files --stage -- /home/rsptn/workspace/flex-box/insta/css/style.css [3ms]
[2022-07-19T03:03:46.726Z] > git show --textconv :insta/index.html [8ms]
[2022-07-19T03:03:46.727Z] > git ls-files --stage -- /home/rsptn/workspace/flex-box/insta/index.html [2ms]
[2022-07-19T03:03:54.512Z] > git show --textconv :insta/css/style.css [9ms]
[2022-07-19T03:03:54.513Z] > git ls-files --stage -- /home/rsptn/workspace/flex-box/insta/css/style.css [4ms]
[2022-07-19T03:05:14.050Z] > git show --textconv :insta/index.html [20ms]
[2022-07-19T03:05:14.050Z] > git ls-files --stage -- /home/rsptn/workspace/flex-box/insta/index.html [8ms]
[2022-07-19T03:05:19.389Z] > git show --textconv :insta/css/style.css [10ms]
[2022-07-19T03:05:19.391Z] > git ls-files --stage -- /home/rsptn/workspace/flex-box/insta/css/style.css [2ms]
[2022-07-19T03:08:28.895Z] > git show --textconv :insta/index.html [11ms]
[2022-07-19T03:08:28.896Z] > git ls-files --stage -- /home/rsptn/workspace/flex-box/insta/index.html [2ms]
[2022-07-19T03:10:07.337Z] > git show --textconv :insta/css/style.css [9ms]
[2022-07-19T03:10:07.339Z] > git ls-files --stage -- /home/rsptn/workspace/flex-box/insta/css/style.css [3ms]
[2022-07-19T03:21:00.413Z] > git status -z -uall [6ms]
[2022-07-19T03:21:00.429Z] > git symbolic-ref --short HEAD [2ms]
[2022-07-19T03:21:00.444Z] > git for-each-ref --format=%(refname)%00%(upstream:short)%00%(objectname)%00%(upstream:track)%00%(upstream:remotename)%00%(upstream:remoteref) refs/heads/master refs/remotes/master [1ms]
[2022-07-19T03:21:00.474Z] > git remote --verbose [3ms]
[2022-07-19T03:21:00.475Z] > git for-each-ref --sort -committerdate --format %(refname) %(objectname) %(*objectname) [16ms]
[2022-07-19T03:21:00.498Z] > git config --get commit.template [4ms]
[2022-07-19T03:21:02.098Z] > git show --textconv :insta/index.html [17ms]
[2022-07-19T03:21:02.101Z] > git ls-files --stage -- /home/rsptn/workspace/flex-box/insta/index.html [3ms]
[2022-07-19T03:21:05.514Z] > git status -z -uall [2ms]
[2022-07-19T03:21:05.529Z] > git symbolic-ref --short HEAD [2ms]
[2022-07-19T03:21:05.543Z] > git for-each-ref --format=%(refname)%00%(upstream:short)%00%(objectname)%00%(upstream:track)%00%(upstream:remotename)%00%(upstream:remoteref) refs/heads/master refs/remotes/master [2ms]
[2022-07-19T03:21:05.567Z] > git for-each-ref --sort -committerdate --format %(refname) %(objectname) %(*objectname) [12ms]
[2022-07-19T03:21:05.568Z] > git remote --verbose [4ms]
[2022-07-19T03:21:05.588Z] > git config --get commit.template [3ms]
