[2022-08-30 13:35:08.405] [exthost] [info] Extension host with pid 155658 started
[2022-08-30 13:35:08.405] [exthost] [info] Skipping acquiring lock for /home/rsptn/.config/Code - OSS/User/workspaceStorage/86a606163bec76805919ffa3451b3388.
[2022-08-30 13:35:08.696] [exthost] [info] ExtensionService#_doActivateExtension vscode.debug-auto-launch, startup: true, activationEvent: '*'
[2022-08-30 13:35:08.720] [exthost] [info] ExtensionService#_doActivateExtension vscode.git-base, startup: true, activationEvent: '*', root cause: vscode.git
[2022-08-30 13:35:08.741] [exthost] [info] ExtensionService#_doActivateExtension vscode.ipynb, startup: true, activationEvent: '*'
[2022-08-30 13:35:08.859] [exthost] [info] ExtensionService#_doActivateExtension vscode.git, startup: true, activationEvent: '*'
[2022-08-30 13:35:09.150] [exthost] [info] ExtensionService#_doActivateExtension vscode.github, startup: true, activationEvent: '*'
[2022-08-30 13:35:09.368] [exthost] [info] Eager extensions activated
[2022-08-30 13:35:09.405] [exthost] [info] ExtensionService#_doActivateExtension vscode.emmet, startup: false, activationEvent: 'onStartupFinished'
[2022-08-30 13:35:09.446] [exthost] [info] ExtensionService#_doActivateExtension vscode.merge-conflict, startup: false, activationEvent: 'onStartupFinished'
[2022-08-30 13:35:46.147] [exthost] [info] Extension host terminating: received terminate message from renderer
[2022-08-30 13:35:46.160] [exthost] [info] Extension host with pid 155658 exiting with code 0
[2022-08-30 13:35:51.348] [exthost] [info] Extension host with pid 156467 started
[2022-08-30 13:35:51.348] [exthost] [info] Skipping acquiring lock for /home/rsptn/.config/Code - OSS/User/workspaceStorage/13b317c91bfae2e9f3fae8a1c16b75cd.
[2022-08-30 13:35:51.468] [exthost] [info] ExtensionService#_doActivateExtension vscode.debug-auto-launch, startup: true, activationEvent: '*'
[2022-08-30 13:35:51.481] [exthost] [info] ExtensionService#_doActivateExtension vscode.git-base, startup: true, activationEvent: '*'
[2022-08-30 13:35:51.490] [exthost] [info] ExtensionService#_doActivateExtension vscode.ipynb, startup: true, activationEvent: '*'
[2022-08-30 13:35:51.591] [exthost] [info] ExtensionService#_doActivateExtension vscode.github, startup: true, activationEvent: '*'
[2022-08-30 13:35:51.635] [exthost] [info] Eager extensions activated
[2022-08-30 13:35:51.638] [exthost] [info] ExtensionService#_doActivateExtension vscode.emmet, startup: false, activationEvent: 'onStartupFinished'
[2022-08-30 13:35:51.655] [exthost] [info] ExtensionService#_doActivateExtension vscode.merge-conflict, startup: false, activationEvent: 'onStartupFinished'
[2022-08-30 13:35:54.261] [exthost] [info] ExtensionService#_doActivateExtension vscode.git, startup: false, activationEvent: 'api', root cause: vscode.github
[2022-08-30 13:36:05.253] [exthost] [info] ExtensionService#_doActivateExtension vscode.css-language-features, startup: false, activationEvent: 'onLanguage:css'
[2022-08-30 13:37:09.974] [exthost] [info] ExtensionService#_doActivateExtension vscode.html-language-features, startup: false, activationEvent: 'onLanguage:html'
[2022-08-30 13:37:10.149] [exthost] [info] ExtensionService#_doActivateExtension ms-vscode.live-server, startup: false, activationEvent: 'onLanguage:html'
[2022-08-30 17:18:40.970] [exthost] [info] Extension host terminating: received terminate message from renderer
[2022-08-30 17:18:41.029] [exthost] [info] Extension host with pid 156467 exiting with code 0
