[2022-07-20T19:33:20.715Z] Nível de log: Info
[2022-07-20T19:33:20.721Z] [info] Validando git localizado em: git
[2022-07-20T19:33:20.755Z] [info] Usando git 2.37.1 de git
[2022-07-20T19:33:20.805Z] > git rev-parse --show-toplevel [25ms]
[2022-07-20T19:33:20.831Z] > git rev-parse --git-dir --git-common-dir [2ms]
[2022-07-20T19:33:20.848Z] [info] Open repository: /home/rsptn/workspace/flex-box
[2022-07-20T19:33:21.008Z] > git status -z -uall [142ms]
[2022-07-20T19:33:21.027Z] > git symbolic-ref --short HEAD [9ms]
[2022-07-20T19:33:21.038Z] > git rev-parse --show-toplevel [162ms]
[2022-07-20T19:33:21.082Z] > git for-each-ref --format=%(refname)%00%(upstream:short)%00%(objectname)%00%(upstream:track)%00%(upstream:remotename)%00%(upstream:remoteref) refs/heads/master refs/remotes/master [45ms]
[2022-07-20T19:33:21.103Z] > git remote --verbose [6ms]
[2022-07-20T19:33:21.104Z] > git for-each-ref --sort -committerdate --format %(refname) %(objectname) %(*objectname) [14ms]
[2022-07-20T19:33:21.116Z] > git rev-parse --git-dir --git-common-dir [69ms]
[2022-07-20T19:33:21.121Z] [info] Open repository: /home/rsptn/workspace/instagram-dio
[2022-07-20T19:33:21.143Z] > git status -z -uall [10ms]
[2022-07-20T19:33:21.151Z] > git config --get commit.template [9ms]
[2022-07-20T19:33:21.162Z] > git symbolic-ref --short HEAD [12ms]
[2022-07-20T19:33:21.169Z] > git status -z -uall [9ms]
[2022-07-20T19:33:21.177Z] > git for-each-ref --format=%(refname)%00%(upstream:short)%00%(objectname)%00%(upstream:track)%00%(upstream:remotename)%00%(upstream:remoteref) refs/heads/master refs/remotes/master [9ms]
[2022-07-20T19:33:21.190Z] > git for-each-ref --sort -committerdate --format %(refname) %(objectname) %(*objectname) [7ms]
[2022-07-20T19:33:21.191Z] > git symbolic-ref --short HEAD [16ms]
[2022-07-20T19:33:21.199Z] > git remote --verbose [9ms]
[2022-07-20T19:33:21.213Z] > git for-each-ref --format=%(refname)%00%(upstream:short)%00%(objectname)%00%(upstream:track)%00%(upstream:remotename)%00%(upstream:remoteref) refs/heads/master refs/remotes/master [14ms]
[2022-07-20T19:33:21.322Z] > git remote --verbose [95ms]
[2022-07-20T19:33:21.322Z] > git for-each-ref --sort -committerdate --format %(refname) %(objectname) %(*objectname) [102ms]
[2022-07-20T19:33:21.327Z] > git config --get commit.template [115ms]
[2022-07-20T19:33:21.355Z] > git status -z -uall [17ms]
[2022-07-20T19:33:21.364Z] > git config --get commit.template [17ms]
[2022-07-20T19:33:21.366Z] > git symbolic-ref --short HEAD [3ms]
[2022-07-20T19:33:21.380Z] > git for-each-ref --format=%(refname)%00%(upstream:short)%00%(objectname)%00%(upstream:track)%00%(upstream:remotename)%00%(upstream:remoteref) refs/heads/master refs/remotes/master [7ms]
[2022-07-20T19:33:21.396Z] > git for-each-ref --sort -committerdate --format %(refname) %(objectname) %(*objectname) [9ms]
[2022-07-20T19:33:21.397Z] > git remote --verbose [4ms]
[2022-07-20T19:33:21.408Z] > git config --get commit.template [1ms]
[2022-07-20T19:33:21.879Z] > git check-ignore -v -z --stdin [16ms]
[2022-07-20T19:33:21.883Z] > git check-ignore -v -z --stdin [7ms]
[2022-07-20T19:33:21.987Z] > git show --textconv :insta/index.html [15ms]
[2022-07-20T19:33:21.991Z] > git ls-files --stage -- /home/rsptn/workspace/flex-box/insta/index.html [5ms]
