[2022-08-30T16:35:09.290Z] Nível de log: Info
[2022-08-30T16:35:09.297Z] [info] Validando git localizado em: git
[2022-08-30T16:35:09.326Z] [info] Usando git 2.37.2 de git
[2022-08-30T16:35:09.375Z] > git rev-parse --show-toplevel [13ms]
[2022-08-30T16:35:09.457Z] > git rev-parse --git-dir --git-common-dir [64ms]
[2022-08-30T16:35:09.475Z] [info] Open repository: /home/rsptn/workspace/flex-box
[2022-08-30T16:35:09.514Z] > git status -z -uall [17ms]
[2022-08-30T16:35:09.527Z] > git rev-parse --show-toplevel [19ms]
[2022-08-30T16:35:09.539Z] > git symbolic-ref --short HEAD [14ms]
[2022-08-30T16:35:09.600Z] > git rev-parse --git-dir --git-common-dir [62ms]
[2022-08-30T16:35:09.607Z] [info] Open repository: /home/rsptn/workspace/instagram-dio
[2022-08-30T16:35:09.633Z] > git for-each-ref --format=%(refname)%00%(upstream:short)%00%(objectname)%00%(upstream:track)%00%(upstream:remotename)%00%(upstream:remoteref) refs/heads/master refs/remotes/master [82ms]
[2022-08-30T16:35:09.660Z] > git status -z -uall [35ms]
[2022-08-30T16:35:09.671Z] > git remote --verbose [15ms]
[2022-08-30T16:35:09.672Z] > git for-each-ref --sort -committerdate --format %(refname) %(objectname) %(*objectname) [27ms]
[2022-08-30T16:35:09.708Z] > git symbolic-ref --short HEAD [37ms]
[2022-08-30T16:35:09.722Z] > git config --get commit.template [22ms]
[2022-08-30T16:35:09.746Z] > git for-each-ref --format=%(refname)%00%(upstream:short)%00%(objectname)%00%(upstream:track)%00%(upstream:remotename)%00%(upstream:remoteref) refs/heads/master refs/remotes/master [29ms]
[2022-08-30T16:35:09.772Z] > git status -z -uall [31ms]
[2022-08-30T16:35:09.788Z] > git for-each-ref --sort -committerdate --format %(refname) %(objectname) %(*objectname) [32ms]
[2022-08-30T16:35:09.861Z] > git symbolic-ref --short HEAD [75ms]
[2022-08-30T16:35:09.876Z] > git remote --verbose [109ms]
[2022-08-30T16:35:09.898Z] > git for-each-ref --format=%(refname)%00%(upstream:short)%00%(objectname)%00%(upstream:track)%00%(upstream:remotename)%00%(upstream:remoteref) refs/heads/master refs/remotes/master [23ms]
[2022-08-30T16:35:09.918Z] > git for-each-ref --sort -committerdate --format %(refname) %(objectname) %(*objectname) [9ms]
[2022-08-30T16:35:09.918Z] > git config --get commit.template [21ms]
[2022-08-30T16:35:09.928Z] > git remote --verbose [12ms]
[2022-08-30T16:35:09.941Z] > git status -z -uall [14ms]
[2022-08-30T16:35:09.952Z] > git config --get commit.template [11ms]
[2022-08-30T16:35:09.953Z] > git symbolic-ref --short HEAD [2ms]
[2022-08-30T16:35:09.964Z] > git for-each-ref --format=%(refname)%00%(upstream:short)%00%(objectname)%00%(upstream:track)%00%(upstream:remotename)%00%(upstream:remoteref) refs/heads/master refs/remotes/master [2ms]
[2022-08-30T16:35:09.994Z] > git remote --verbose [11ms]
[2022-08-30T16:35:09.995Z] > git for-each-ref --sort -committerdate --format %(refname) %(objectname) %(*objectname) [23ms]
[2022-08-30T16:35:10.005Z] > git config --get commit.template [1ms]
[2022-08-30T16:35:10.218Z] > git check-ignore -v -z --stdin [14ms]
[2022-08-30T16:35:11.838Z] > git check-ignore -v -z --stdin [8ms]
[2022-08-30T16:35:11.839Z] > git check-ignore -v -z --stdin [3ms]
[2022-08-30T16:35:16.274Z] > git check-ignore -v -z --stdin [2ms]
