00:00:00.339674 VirtualBox GUI VM Selector Window 6.1.36 r152435 linux.amd64 (Jul 21 2022 10:08:57) release log
00:00:00.339678 Log opened 2022-08-23T18:23:53.227383000Z
00:00:00.339679 Build Type: release
00:00:00.339681 OS Product: Linux
00:00:00.339682 OS Release: 5.18.16-arch1-1
00:00:00.339683 OS Version: #1 SMP PREEMPT_DYNAMIC Wed, 03 Aug 2022 11:25:04 +0000
00:00:00.339710 DMI Product Name: Aspire A515-54
00:00:00.339720 DMI Product Version: V1.24
00:00:00.339725 Firmware type: UEFI
00:00:00.341039 Secure Boot: Disabled
00:00:00.341107 Host RAM: 3744MB (3.6GB) total, 1567MB available
00:00:00.341112 Executable: /usr/lib/virtualbox/VirtualBox
00:00:00.341113 Process ID: 418725
00:00:00.341113 Package type: LINUX_64BITS_GENERIC (OSE)
00:00:00.341265 Qt version: 5.15.5
00:00:00.405625 GUI: UIMediumEnumerator: Medium-enumeration started...
00:00:01.421017 GUI: UIDesktopWidgetWatchdog::sltHandleHostScreenAvailableGeometryCalculated: Screen 0 work area is actually resized to: 643x36 x 634x1035
00:00:01.421483 GUI: UIMediumEnumerator: Medium-enumeration finished!
00:00:38.529189 GUI: UIMediumEnumerator: Medium-enumeration finished!
00:00:40.911441 GUI: Updating snapshot tree after TAKING snapshot with MachineID={{0f2fecbe-c168-44c1-aaba-addb0e156147}}, SnapshotID={{21f9b105-47d4-471c-a6a7-8360abe80541}}...
00:00:40.949800 GUI: Snapshot tree update successful!
00:00:41.293423 GUI: UIMediumEnumerator: Medium-enumeration finished!
