[2022-08-23T19:50:43.180Z] Nível de log: Info
[2022-08-23T19:50:43.185Z] [info] Validando git localizado em: git
[2022-08-23T19:50:43.213Z] [info] Usando git 2.37.2 de git
[2022-08-23T19:50:43.248Z] > git rev-parse --show-toplevel [9ms]
[2022-08-23T19:50:43.264Z] > git rev-parse --git-dir --git-common-dir [3ms]
[2022-08-23T19:50:43.279Z] [info] Open repository: /home/rsptn/workspace/flex-box
[2022-08-23T19:50:43.312Z] > git status -z -uall [14ms]
[2022-08-23T19:50:43.323Z] > git rev-parse --show-toplevel [14ms]
[2022-08-23T19:50:43.337Z] > git symbolic-ref --short HEAD [16ms]
[2022-08-23T19:50:43.345Z] > git rev-parse --git-dir --git-common-dir [10ms]
[2022-08-23T19:50:43.349Z] [info] Open repository: /home/rsptn/workspace/instagram-dio
[2022-08-23T19:50:43.362Z] > git for-each-ref --format=%(refname)%00%(upstream:short)%00%(objectname)%00%(upstream:track)%00%(upstream:remotename)%00%(upstream:remoteref) refs/heads/master refs/remotes/master [18ms]
[2022-08-23T19:50:43.384Z] > git status -z -uall [24ms]
[2022-08-23T19:50:43.392Z] > git remote --verbose [12ms]
[2022-08-23T19:50:43.393Z] > git for-each-ref --sort -committerdate --format %(refname) %(objectname) %(*objectname) [21ms]
[2022-08-23T19:50:43.411Z] > git symbolic-ref --short HEAD [19ms]
[2022-08-23T19:50:43.419Z] > git config --get commit.template [9ms]
[2022-08-23T19:50:43.432Z] > git for-each-ref --format=%(refname)%00%(upstream:short)%00%(objectname)%00%(upstream:track)%00%(upstream:remotename)%00%(upstream:remoteref) refs/heads/master refs/remotes/master [14ms]
[2022-08-23T19:50:43.453Z] > git status -z -uall [23ms]
[2022-08-23T19:50:43.467Z] > git for-each-ref --sort -committerdate --format %(refname) %(objectname) %(*objectname) [26ms]
[2022-08-23T19:50:43.469Z] > git symbolic-ref --short HEAD [3ms]
[2022-08-23T19:50:43.477Z] > git remote --verbose [27ms]
[2022-08-23T19:50:43.492Z] > git for-each-ref --format=%(refname)%00%(upstream:short)%00%(objectname)%00%(upstream:track)%00%(upstream:remotename)%00%(upstream:remoteref) refs/heads/master refs/remotes/master [15ms]
[2022-08-23T19:50:43.588Z] > git remote --verbose [79ms]
[2022-08-23T19:50:43.588Z] > git for-each-ref --sort -committerdate --format %(refname) %(objectname) %(*objectname) [87ms]
[2022-08-23T19:50:43.593Z] > git config --get commit.template [103ms]
[2022-08-23T19:50:43.628Z] > git status -z -uall [24ms]
[2022-08-23T19:50:43.720Z] > git config --get commit.template [93ms]
[2022-08-23T19:50:43.905Z] > git symbolic-ref --short HEAD [269ms]
[2022-08-23T19:50:43.917Z] > git for-each-ref --format=%(refname)%00%(upstream:short)%00%(objectname)%00%(upstream:track)%00%(upstream:remotename)%00%(upstream:remoteref) refs/heads/master refs/remotes/master [3ms]
[2022-08-23T19:50:43.945Z] > git for-each-ref --sort -committerdate --format %(refname) %(objectname) %(*objectname) [15ms]
[2022-08-23T19:50:43.946Z] > git remote --verbose [6ms]
[2022-08-23T19:50:43.967Z] > git config --get commit.template [3ms]
[2022-08-23T19:50:44.378Z] > git check-ignore -v -z --stdin [3ms]
