[2022-07-20 16:33:19.546] [exthost] [info] Extension host with pid 6131 started
[2022-07-20 16:33:19.546] [exthost] [info] Skipping acquiring lock for /home/rsptn/.config/Code - OSS/User/workspaceStorage/86a606163bec76805919ffa3451b3388.
[2022-07-20 16:33:19.858] [exthost] [info] ExtensionService#_doActivateExtension vscode.html-language-features, startup: false, activationEvent: 'onLanguage:html'
[2022-07-20 16:33:20.096] [exthost] [info] ExtensionService#_doActivateExtension ms-vscode.live-server, startup: false, activationEvent: 'onLanguage:html'
[2022-07-20 16:33:20.207] [exthost] [info] ExtensionService#_doActivateExtension vscode.debug-auto-launch, startup: true, activationEvent: '*'
[2022-07-20 16:33:20.218] [exthost] [info] ExtensionService#_doActivateExtension vscode.git-base, startup: true, activationEvent: '*', root cause: vscode.git
[2022-07-20 16:33:20.227] [exthost] [info] ExtensionService#_doActivateExtension vscode.ipynb, startup: true, activationEvent: '*'
[2022-07-20 16:33:20.384] [exthost] [info] ExtensionService#_doActivateExtension vscode.git, startup: true, activationEvent: '*'
[2022-07-20 16:33:20.634] [exthost] [info] ExtensionService#_doActivateExtension vscode.github, startup: true, activationEvent: '*'
[2022-07-20 16:33:20.787] [exthost] [info] Eager extensions activated
[2022-07-20 16:33:20.904] [exthost] [info] ExtensionService#_doActivateExtension vscode.emmet, startup: false, activationEvent: 'onStartupFinished'
[2022-07-20 16:33:20.956] [exthost] [info] ExtensionService#_doActivateExtension vscode.merge-conflict, startup: false, activationEvent: 'onStartupFinished'
[2022-07-20 16:33:23.790] [exthost] [info] Extension host terminating: received terminate message from renderer
[2022-07-20 16:33:23.817] [exthost] [error] An error occurred when deactivating the extension 'ms-vscode.live-server':
[2022-07-20 16:33:23.822] [exthost] [error] TypeError: Cannot read properties of undefined (reading 'close')
	at u.close (/home/rsptn/.vscode-oss/extensions/ms-vscode.live-server-0.2.12/out/extension.js:1:61991)
	at d.closeServer (/home/rsptn/.vscode-oss/extensions/ms-vscode.live-server-0.2.12/out/extension.js:1:66944)
	at f.dispose (/home/rsptn/.vscode-oss/extensions/ms-vscode.live-server-0.2.12/out/extension.js:1:57051)
	at Object.e.deactivate (/home/rsptn/.vscode-oss/extensions/ms-vscode.live-server-0.2.12/out/extension.js:1:428160)
	at w._deactivate (/usr/lib/code/out/vs/workbench/api/node/extensionHostProcess.js:97:13087)
	at /usr/lib/code/out/vs/workbench/api/node/extensionHostProcess.js:97:10645
	at Array.map (<anonymous>)
	at w._deactivateAll (/usr/lib/code/out/vs/workbench/api/node/extensionHostProcess.js:97:10632)
	at w.terminate (/usr/lib/code/out/vs/workbench/api/node/extensionHostProcess.js:97:11014)
	at w.terminate (/usr/lib/code/out/vs/workbench/api/node/extensionHostProcess.js:101:620)
	at m (/usr/lib/code/out/vs/workbench/api/node/extensionHostProcess.js:111:36671)
	at /usr/lib/code/out/vs/workbench/api/node/extensionHostProcess.js:111:34616
	at w.invoke (/usr/lib/code/out/vs/workbench/api/node/extensionHostProcess.js:61:145)
	at v.deliver (/usr/lib/code/out/vs/workbench/api/node/extensionHostProcess.js:61:2266)
	at p.fire (/usr/lib/code/out/vs/workbench/api/node/extensionHostProcess.js:61:1844)
	at a.fire (/usr/lib/code/out/vs/workbench/api/node/extensionHostProcess.js:69:18976)
	at r._receiveMessage (/usr/lib/code/out/vs/workbench/api/node/extensionHostProcess.js:69:23563)
	at /usr/lib/code/out/vs/workbench/api/node/extensionHostProcess.js:69:21097
	at w.invoke (/usr/lib/code/out/vs/workbench/api/node/extensionHostProcess.js:61:145)
	at v.deliver (/usr/lib/code/out/vs/workbench/api/node/extensionHostProcess.js:61:2266)
	at p.fire (/usr/lib/code/out/vs/workbench/api/node/extensionHostProcess.js:61:1844)
	at p.acceptChunk (/usr/lib/code/out/vs/workbench/api/node/extensionHostProcess.js:69:15807)
	at /usr/lib/code/out/vs/workbench/api/node/extensionHostProcess.js:69:14937
	at Socket.R (/usr/lib/code/out/vs/workbench/api/node/extensionHostProcess.js:111:13763)
	at Socket.emit (node:events:390:28)
	at addChunk (node:internal/streams/readable:315:12)
	at readableAddChunk (node:internal/streams/readable:289:9)
	at Socket.Readable.push (node:internal/streams/readable:228:10)
	at Pipe.onStreamRead (node:internal/stream_base_commons:199:23)
[2022-07-20 16:33:23.825] [exthost] [info] Extension host with pid 6131 exiting with code 0
