[2022-07-23T19:10:42.138Z] Nível de log: Info
[2022-07-23T19:10:42.144Z] [info] Validando git localizado em: git
[2022-07-23T19:10:42.172Z] [info] Usando git 2.37.1 de git
[2022-07-23T19:10:42.211Z] > git rev-parse --show-toplevel [14ms]
[2022-07-23T19:10:42.227Z] > git rev-parse --git-dir --git-common-dir [2ms]
[2022-07-23T19:10:42.239Z] [info] Open repository: /home/rsptn/workspace/flex-box
[2022-07-23T19:10:42.267Z] > git status -z -uall [14ms]
[2022-07-23T19:10:42.278Z] > git rev-parse --show-toplevel [14ms]
[2022-07-23T19:10:42.294Z] > git symbolic-ref --short HEAD [19ms]
[2022-07-23T19:10:42.312Z] > git rev-parse --git-dir --git-common-dir [22ms]
[2022-07-23T19:10:42.318Z] [info] Open repository: /home/rsptn/workspace/instagram-dio
[2022-07-23T19:10:42.333Z] > git for-each-ref --format=%(refname)%00%(upstream:short)%00%(objectname)%00%(upstream:track)%00%(upstream:remotename)%00%(upstream:remoteref) refs/heads/master refs/remotes/master [23ms]
[2022-07-23T19:10:42.359Z] > git status -z -uall [29ms]
[2022-07-23T19:10:42.369Z] > git remote --verbose [15ms]
[2022-07-23T19:10:42.370Z] > git for-each-ref --sort -committerdate --format %(refname) %(objectname) %(*objectname) [27ms]
[2022-07-23T19:10:42.401Z] > git symbolic-ref --short HEAD [32ms]
[2022-07-23T19:10:42.507Z] > git config --get commit.template [107ms]
[2022-07-23T19:10:42.597Z] > git status -z -uall [78ms]
[2022-07-23T19:10:42.606Z] > git for-each-ref --format=%(refname)%00%(upstream:short)%00%(objectname)%00%(upstream:track)%00%(upstream:remotename)%00%(upstream:remoteref) refs/heads/master refs/remotes/master [194ms]
[2022-07-23T19:10:42.628Z] > git for-each-ref --sort -committerdate --format %(refname) %(objectname) %(*objectname) [13ms]
[2022-07-23T19:10:42.629Z] > git symbolic-ref --short HEAD [23ms]
[2022-07-23T19:10:42.641Z] > git remote --verbose [16ms]
[2022-07-23T19:10:42.663Z] > git for-each-ref --format=%(refname)%00%(upstream:short)%00%(objectname)%00%(upstream:track)%00%(upstream:remotename)%00%(upstream:remoteref) refs/heads/master refs/remotes/master [23ms]
[2022-07-23T19:10:42.798Z] > git for-each-ref --sort -committerdate --format %(refname) %(objectname) %(*objectname) [102ms]
[2022-07-23T19:10:42.798Z] > git config --get commit.template [136ms]
[2022-07-23T19:10:42.838Z] > git status -z -uall [22ms]
[2022-07-23T19:10:42.850Z] > git remote --verbose [141ms]
[2022-07-23T19:10:42.864Z] > git symbolic-ref --short HEAD [15ms]
[2022-07-23T19:10:42.877Z] > git config --get commit.template [14ms]
[2022-07-23T19:10:42.885Z] > git for-each-ref --format=%(refname)%00%(upstream:short)%00%(objectname)%00%(upstream:track)%00%(upstream:remotename)%00%(upstream:remoteref) refs/heads/master refs/remotes/master [9ms]
[2022-07-23T19:10:42.904Z] > git for-each-ref --sort -committerdate --format %(refname) %(objectname) %(*objectname) [10ms]
[2022-07-23T19:10:42.906Z] > git remote --verbose [5ms]
[2022-07-23T19:10:42.918Z] > git config --get commit.template [1ms]
[2022-07-23T19:10:43.107Z] > git check-ignore -v -z --stdin [11ms]
[2022-07-23T19:10:43.108Z] > git check-ignore -v -z --stdin [3ms]
[2022-07-23T19:10:43.299Z] > git show --textconv :insta/index.html [8ms]
[2022-07-23T19:10:43.300Z] > git ls-files --stage -- /home/rsptn/workspace/flex-box/insta/index.html [2ms]
[2022-07-23T19:10:51.995Z] > git check-ignore -v -z --stdin [2ms]
[2022-07-23T19:11:01.093Z] > git check-ignore -v -z --stdin [2ms]
[2022-07-23T19:11:05.817Z] > git show --textconv :index.html [16ms]
[2022-07-23T19:11:05.821Z] > git ls-files --stage -- /home/rsptn/workspace/instagram-dio/index.html [5ms]
[2022-07-23T19:11:05.840Z] > git cat-file -s f106c7c5fabcbc26fae3290e802ea0fe3cc7161b [4ms]
[2022-07-23T19:11:39.083Z] > git show --textconv :insta/index.html [12ms]
[2022-07-23T19:11:39.087Z] > git ls-files --stage -- /home/rsptn/workspace/flex-box/insta/index.html [7ms]
[2022-07-23T19:11:55.001Z] > git show --textconv :insta/css/style.css [81ms]
[2022-07-23T19:11:55.001Z] > git ls-files --stage -- /home/rsptn/workspace/flex-box/insta/css/style.css [69ms]
[2022-07-23T19:12:02.704Z] > git show --textconv :insta/css/style.css [16ms]
[2022-07-23T19:12:02.707Z] > git ls-files --stage -- /home/rsptn/workspace/flex-box/insta/css/style.css [6ms]
[2022-07-23T19:13:44.378Z] > git show --textconv :insta/index.html [11ms]
[2022-07-23T19:13:44.380Z] > git ls-files --stage -- /home/rsptn/workspace/flex-box/insta/index.html [3ms]
[2022-07-23T19:14:51.940Z] > git show --textconv :project-flexbox-dio-master/flex-projeto/index.html [15ms]
[2022-07-23T19:14:51.943Z] > git ls-files --stage -- /home/rsptn/workspace/flex-box/project-flexbox-dio-master/flex-projeto/index.html [5ms]
[2022-07-23T19:14:52.410Z] > git check-ignore -v -z --stdin [2ms]
[2022-07-23T19:15:25.563Z] > git show --textconv :project-flexbox-dio-master/flex-projeto/style.css [14ms]
[2022-07-23T19:15:25.566Z] > git ls-files --stage -- /home/rsptn/workspace/flex-box/project-flexbox-dio-master/flex-projeto/style.css [5ms]
[2022-07-23T19:20:13.757Z] > git status -z -uall [3ms]
[2022-07-23T19:20:13.773Z] > git symbolic-ref --short HEAD [2ms]
[2022-07-23T19:20:13.787Z] > git for-each-ref --format=%(refname)%00%(upstream:short)%00%(objectname)%00%(upstream:track)%00%(upstream:remotename)%00%(upstream:remoteref) refs/heads/master refs/remotes/master [2ms]
[2022-07-23T19:20:13.811Z] > git for-each-ref --sort -committerdate --format %(refname) %(objectname) %(*objectname) [12ms]
[2022-07-23T19:20:13.812Z] > git remote --verbose [2ms]
[2022-07-23T19:20:13.823Z] > git config --get commit.template [2ms]
[2022-07-23T19:45:00.770Z] > git status -z -uall [11ms]
[2022-07-23T19:45:00.790Z] > git symbolic-ref --short HEAD [5ms]
[2022-07-23T19:45:00.803Z] > git for-each-ref --format=%(refname)%00%(upstream:short)%00%(objectname)%00%(upstream:track)%00%(upstream:remotename)%00%(upstream:remoteref) refs/heads/master refs/remotes/master [2ms]
[2022-07-23T19:45:00.823Z] > git for-each-ref --sort -committerdate --format %(refname) %(objectname) %(*objectname) [10ms]
[2022-07-23T19:45:00.824Z] > git remote --verbose [3ms]
[2022-07-23T19:45:00.840Z] > git config --get commit.template [2ms]
[2022-07-23T19:45:32.782Z] > git status -z -uall [3ms]
[2022-07-23T19:45:32.807Z] > git symbolic-ref --short HEAD [2ms]
[2022-07-23T19:45:32.820Z] > git for-each-ref --format=%(refname)%00%(upstream:short)%00%(objectname)%00%(upstream:track)%00%(upstream:remotename)%00%(upstream:remoteref) refs/heads/master refs/remotes/master [1ms]
[2022-07-23T19:45:32.842Z] > git for-each-ref --sort -committerdate --format %(refname) %(objectname) %(*objectname) [14ms]
[2022-07-23T19:45:32.843Z] > git remote --verbose [4ms]
[2022-07-23T19:45:32.855Z] > git config --get commit.template [2ms]
[2022-07-24T04:37:15.547Z] > git status -z -uall [22ms]
[2022-07-24T04:37:15.574Z] > git symbolic-ref --short HEAD [7ms]
[2022-07-24T04:37:15.587Z] > git for-each-ref --format=%(refname)%00%(upstream:short)%00%(objectname)%00%(upstream:track)%00%(upstream:remotename)%00%(upstream:remoteref) refs/heads/master refs/remotes/master [2ms]
[2022-07-24T04:37:15.609Z] > git for-each-ref --sort -committerdate --format %(refname) %(objectname) %(*objectname) [14ms]
[2022-07-24T04:37:15.610Z] > git remote --verbose [2ms]
[2022-07-24T04:37:15.639Z] > git config --get commit.template [4ms]
