[2022-07-18T14:17:47.337Z] Nível de log: Info
[2022-07-18T14:17:47.340Z] [info] Validando git localizado em: git
[2022-07-18T14:17:47.371Z] [info] Usando git 2.37.1 de git
[2022-07-18T14:17:47.438Z] > git rev-parse --show-toplevel [33ms]
[2022-07-18T14:17:47.464Z] > git rev-parse --git-dir --git-common-dir [2ms]
[2022-07-18T14:17:47.478Z] [info] Open repository: /home/rsptn/workspace/flex-box
[2022-07-18T14:17:47.575Z] > git status -z -uall [80ms]
[2022-07-18T14:17:47.596Z] > git symbolic-ref --short HEAD [3ms]
[2022-07-18T14:17:47.614Z] > git rev-parse --show-toplevel [97ms]
[2022-07-18T14:17:47.627Z] > git for-each-ref --format=%(refname)%00%(upstream:short)%00%(objectname)%00%(upstream:track)%00%(upstream:remotename)%00%(upstream:remoteref) refs/heads/master refs/remotes/master [14ms]
[2022-07-18T14:17:47.687Z] > git remote --verbose [30ms]
[2022-07-18T14:17:47.687Z] > git for-each-ref --sort -committerdate --format %(refname) %(objectname) %(*objectname) [46ms]
[2022-07-18T14:17:47.695Z] > git rev-parse --git-dir --git-common-dir [69ms]
[2022-07-18T14:17:47.707Z] [info] Open repository: /home/rsptn/workspace/instagram-dio
[2022-07-18T14:17:47.739Z] > git status -z -uall [21ms]
[2022-07-18T14:17:47.753Z] > git config --get commit.template [17ms]
[2022-07-18T14:17:47.765Z] > git symbolic-ref --short HEAD [16ms]
[2022-07-18T14:17:47.774Z] > git status -z -uall [10ms]
[2022-07-18T14:17:47.796Z] > git for-each-ref --format=%(refname)%00%(upstream:short)%00%(objectname)%00%(upstream:track)%00%(upstream:remotename)%00%(upstream:remoteref) refs/heads/master refs/remotes/master [23ms]
[2022-07-18T14:17:47.896Z] > git remote --verbose [76ms]
[2022-07-18T14:17:47.898Z] > git for-each-ref --sort -committerdate --format %(refname) %(objectname) %(*objectname) [92ms]
[2022-07-18T14:17:47.908Z] > git symbolic-ref --short HEAD [125ms]
[2022-07-18T14:17:47.953Z] > git config --get commit.template [15ms]
[2022-07-18T14:17:47.986Z] > git for-each-ref --format=%(refname)%00%(upstream:short)%00%(objectname)%00%(upstream:track)%00%(upstream:remotename)%00%(upstream:remoteref) refs/heads/master refs/remotes/master [65ms]
[2022-07-18T14:17:48.060Z] > git status -z -uall [75ms]
[2022-07-18T14:17:48.080Z] > git remote --verbose [46ms]
[2022-07-18T14:17:48.081Z] > git for-each-ref --sort -committerdate --format %(refname) %(objectname) %(*objectname) [75ms]
[2022-07-18T14:17:48.118Z] > git symbolic-ref --short HEAD [43ms]
[2022-07-18T14:17:48.142Z] > git config --get commit.template [29ms]
[2022-07-18T14:17:48.147Z] > git for-each-ref --format=%(refname)%00%(upstream:short)%00%(objectname)%00%(upstream:track)%00%(upstream:remotename)%00%(upstream:remoteref) refs/heads/master refs/remotes/master [7ms]
[2022-07-18T14:17:48.180Z] > git for-each-ref --sort -committerdate --format %(refname) %(objectname) %(*objectname) [21ms]
[2022-07-18T14:17:48.181Z] > git remote --verbose [7ms]
[2022-07-18T14:17:48.342Z] > git config --get commit.template [26ms]
[2022-07-18T14:17:48.456Z] > git show --textconv :style.css [68ms]
[2022-07-18T14:17:48.457Z] > git check-ignore -v -z --stdin [32ms]
[2022-07-18T14:17:48.458Z] > git check-ignore -v -z --stdin [9ms]
[2022-07-18T14:17:48.460Z] > git ls-files --stage -- /home/rsptn/workspace/instagram-dio/style.css [53ms]
[2022-07-18T14:17:48.487Z] > git cat-file -s 886f205611024790b97c8837802504b66be17819 [7ms]
[2022-07-18T14:17:54.416Z] > git show --textconv :index.html [26ms]
[2022-07-18T14:17:54.419Z] > git ls-files --stage -- /home/rsptn/workspace/instagram-dio/index.html [14ms]
[2022-07-18T14:17:54.432Z] > git cat-file -s f106c7c5fabcbc26fae3290e802ea0fe3cc7161b [2ms]
[2022-07-18T14:19:14.009Z] > git check-ignore -v -z --stdin [4ms]
[2022-07-18T14:19:18.004Z] > git status -z -uall [27ms]
[2022-07-18T14:19:18.025Z] > git symbolic-ref --short HEAD [4ms]
[2022-07-18T14:19:18.057Z] > git for-each-ref --format=%(refname)%00%(upstream:short)%00%(objectname)%00%(upstream:track)%00%(upstream:remotename)%00%(upstream:remoteref) refs/heads/master refs/remotes/master [6ms]
[2022-07-18T14:19:18.124Z] > git for-each-ref --sort -committerdate --format %(refname) %(objectname) %(*objectname) [36ms]
[2022-07-18T14:19:18.128Z] > git remote --verbose [9ms]
[2022-07-18T14:19:18.178Z] > git config --get commit.template [4ms]
[2022-07-18T14:19:33.699Z] > git check-ignore -v -z --stdin [2ms]
[2022-07-18T14:20:01.721Z] > git show --textconv :index.html [9ms]
[2022-07-18T14:20:01.722Z] > git ls-files --stage -- /home/rsptn/workspace/instagram-dio/index.html [2ms]
[2022-07-18T14:20:01.730Z] > git cat-file -s f106c7c5fabcbc26fae3290e802ea0fe3cc7161b [2ms]
[2022-07-18T14:20:41.640Z] > git show --textconv :index.html [8ms]
[2022-07-18T14:20:41.641Z] > git ls-files --stage -- /home/rsptn/workspace/instagram-dio/index.html [2ms]
[2022-07-18T14:20:41.650Z] > git cat-file -s f106c7c5fabcbc26fae3290e802ea0fe3cc7161b [2ms]
[2022-07-18T14:21:10.219Z] > git show --textconv :style.css [12ms]
[2022-07-18T14:21:10.220Z] > git ls-files --stage -- /home/rsptn/workspace/instagram-dio/style.css [2ms]
[2022-07-18T14:21:10.228Z] > git cat-file -s 886f205611024790b97c8837802504b66be17819 [2ms]
[2022-07-18T14:55:56.681Z] > git show --textconv :index.html [10ms]
[2022-07-18T14:55:56.683Z] > git ls-files --stage -- /home/rsptn/workspace/instagram-dio/index.html [3ms]
[2022-07-18T14:55:56.693Z] > git cat-file -s f106c7c5fabcbc26fae3290e802ea0fe3cc7161b [2ms]
[2022-07-18T14:57:26.443Z] > git show --textconv :style.css [9ms]
[2022-07-18T14:57:26.444Z] > git ls-files --stage -- /home/rsptn/workspace/instagram-dio/style.css [3ms]
[2022-07-18T14:57:26.454Z] > git cat-file -s 886f205611024790b97c8837802504b66be17819 [2ms]
[2022-07-18T14:57:59.360Z] > git show --textconv :index.html [9ms]
[2022-07-18T14:57:59.361Z] > git ls-files --stage -- /home/rsptn/workspace/instagram-dio/index.html [2ms]
[2022-07-18T14:57:59.371Z] > git cat-file -s f106c7c5fabcbc26fae3290e802ea0fe3cc7161b [2ms]
[2022-07-18T14:58:55.685Z] > git status -z -uall [13ms]
[2022-07-18T14:58:55.719Z] > git symbolic-ref --short HEAD [6ms]
[2022-07-18T14:58:55.760Z] > git for-each-ref --format=%(refname)%00%(upstream:short)%00%(objectname)%00%(upstream:track)%00%(upstream:remotename)%00%(upstream:remoteref) refs/heads/master refs/remotes/master [10ms]
[2022-07-18T14:58:55.817Z] > git remote --verbose [3ms]
[2022-07-18T14:58:55.820Z] > git for-each-ref --sort -committerdate --format %(refname) %(objectname) %(*objectname) [30ms]
[2022-07-18T14:58:55.877Z] > git config --get commit.template [9ms]
[2022-07-18T14:59:30.672Z] > git show --textconv :style.css [8ms]
[2022-07-18T14:59:30.673Z] > git ls-files --stage -- /home/rsptn/workspace/instagram-dio/style.css [1ms]
[2022-07-18T14:59:30.681Z] > git cat-file -s 886f205611024790b97c8837802504b66be17819 [1ms]
[2022-07-18T15:10:17.405Z] > git show --textconv :index.html [15ms]
[2022-07-18T15:10:17.414Z] > git ls-files --stage -- /home/rsptn/workspace/instagram-dio/index.html [11ms]
[2022-07-18T15:10:17.427Z] > git cat-file -s f106c7c5fabcbc26fae3290e802ea0fe3cc7161b [3ms]
[2022-07-18T15:10:37.935Z] > git check-ignore -v -z --stdin [6ms]
[2022-07-18T15:12:56.083Z] > git check-ignore -v -z --stdin [98487ms]
[2022-07-18T15:12:56.223Z] > git status -z -uall [147ms]
[2022-07-18T15:12:56.244Z] > git symbolic-ref --short HEAD [5ms]
[2022-07-18T15:12:56.283Z] > git for-each-ref --format=%(refname)%00%(upstream:short)%00%(objectname)%00%(upstream:track)%00%(upstream:remotename)%00%(upstream:remoteref) refs/heads/master refs/remotes/master [4ms]
[2022-07-18T15:12:56.325Z] > git remote --verbose [6ms]
[2022-07-18T15:12:56.327Z] > git for-each-ref --sort -committerdate --format %(refname) %(objectname) %(*objectname) [21ms]
[2022-07-18T15:12:56.354Z] > git config --get commit.template [6ms]
